#
# There is insufficient memory for the Java Runtime Environment to continue.
# Native memory allocation (malloc) failed to allocate 1048576 bytes. Error detail: AllocateHeap
# Possible reasons:
#   The system is out of physical RAM or swap space
#   This process is running with CompressedOops enabled, and the Java Heap may be blocking the growth of the native heap
# Possible solutions:
#   Reduce memory load on the system
#   Increase physical memory or swap space
#   Check if swap backing store is full
#   Decrease Java heap size (-Xmx/-Xms)
#   Decrease number of Java threads
#   Decrease Java thread stack sizes (-Xss)
#   Set larger code cache with -XX:ReservedCodeCacheSize=
#   JVM is running with Unscaled Compressed Oops mode in which the Java heap is
#     placed in the first 4GB address space. The Java Heap base address is the
#     maximum limit for the native heap growth. Please use -XX:HeapBaseMinAddress
#     to set the Java Heap base and to place the Java Heap above 4GB virtual address.
# This output file may be truncated or incomplete.
#
#  Out of Memory Error (allocation.cpp:44), pid=15348, tid=14480
#
# JRE version: OpenJDK Runtime Environment Temurin-21.0.8+9 (21.0.8+9) (build 21.0.8+9-LTS)
# Java VM: OpenJDK 64-Bit Server VM Temurin-21.0.8+9 (21.0.8+9-LTS, mixed mode, sharing, tiered, compressed oops, compressed class ptrs, parallel gc, windows-amd64)
# No core dump will be written. Minidumps are not enabled by default on client versions of Windows
#

---------------  S U M M A R Y ------------

Command Line: --add-modules=ALL-SYSTEM --add-opens=java.base/java.util=ALL-UNNAMED --add-opens=java.base/java.lang=ALL-UNNAMED --add-opens=java.base/sun.nio.fs=ALL-UNNAMED -Declipse.application=org.eclipse.jdt.ls.core.id1 -Dosgi.bundles.defaultStartLevel=4 -Declipse.product=org.eclipse.jdt.ls.core.product -Djava.import.generatesMetadataFilesAtProjectRoot=false -DDetectVMInstallationsJob.disabled=true -Dfile.encoding=utf8 -XX:+UseParallelGC -XX:GCTimeRatio=4 -XX:AdaptiveSizePolicyWeight=90 -Dsun.zip.disableMemoryMapping=true -Xmx2G -Xms100m -Xlog:disable -javaagent:c:\Users\user\.vscode\extensions\redhat.java-1.44.0-win32-x64\lombok\lombok-1.18.39-4050.jar -XX:+HeapDumpOnOutOfMemoryError -XX:HeapDumpPath=c:\Users\user\AppData\Roaming\Code\User\workspaceStorage\3d099b14eb374fbb8d3f81b8c8a14d44\redhat.java -Daether.dependencyCollector.impl=bf c:\Users\user\.vscode\extensions\redhat.java-1.44.0-win32-x64\server\plugins\org.eclipse.equinox.launcher_1.7.0.v20250519-0528.jar -configuration c:\Users\user\AppData\Roaming\Code\User\globalStorage\redhat.java\1.44.0\config_win -data c:\Users\user\AppData\Roaming\Code\User\workspaceStorage\3d099b14eb374fbb8d3f81b8c8a14d44\redhat.java\jdt_ws --pipe=\\.\pipe\lsp-8542cca0b2548ef0474d8a4cf4f28142-sock

Host: Intel(R) Core(TM) i5-10210U CPU @ 1.60GHz, 8 cores, 7G,  Windows 11 , 64 bit Build 26100 (10.0.26100.4768)
Time: Mon Aug 18 01:29:58 2025 Middle East Daylight Time elapsed time: 2125.617772 seconds (0d 0h 35m 25s)

---------------  T H R E A D  ---------------

Current thread (0x000001e0fc0976c0):  JavaThread "Attach Listener" daemon [_thread_in_vm, id=14480, stack(0x0000005588000000,0x0000005588100000) (1024K)]

Stack: [0x0000005588000000,0x0000005588100000]
Native frames: (J=compiled Java code, j=interpreted, Vv=VM code, C=native code)
V  [jvm.dll+0x6d2449]
V  [jvm.dll+0x8ae341]
V  [jvm.dll+0x8b08be]
V  [jvm.dll+0x8b0fa3]
V  [jvm.dll+0x280c96]
V  [jvm.dll+0xc0347]
V  [jvm.dll+0x6d2cf9]
V  [jvm.dll+0x131116]
V  [jvm.dll+0x3f2d16]
V  [jvm.dll+0x857e6b]
V  [jvm.dll+0x6d0b0d]
C  [ucrtbase.dll+0x37b0]
C  [KERNEL32.DLL+0x2e8d7]
C  [ntdll.dll+0x3c34c]


---------------  P R O C E S S  ---------------

Threads class SMR info:
_java_thread_list=0x000001e0dd6d07e0, length=41, elements={
0x000001e0fc1249a0, 0x000001e0fc1dd030, 0x000001e0fc1ddc80, 0x000001e0fc096ad0,
0x000001e0fc0976c0, 0x000001e0fc09ba30, 0x000001e0fc09c480, 0x000001e0fc09cf70,
0x000001e0fc0b4d60, 0x000001e0d5568bb0, 0x000001e0d57bc110, 0x000001e0da55d8d0,
0x000001e0da943510, 0x000001e0da6b3980, 0x000001e0da6b47c0, 0x000001e0dae1c780,
0x000001e0d57790d0, 0x000001e0d5525620, 0x000001e0d5524900, 0x000001e0d5523be0,
0x000001e0d5525cb0, 0x000001e0d5522ec0, 0x000001e0d5523550, 0x000001e0dbdf69a0,
0x000001e0dbdf4f60, 0x000001e0dbdf76c0, 0x000001e0dbdf55f0, 0x000001e0dbdf5c80,
0x000001e0dbdf83e0, 0x000001e0dbdf6310, 0x000001e0dbdf7d50, 0x000001e0dbdf8a70,
0x000001e0dbdfa4b0, 0x000001e0dbdf9100, 0x000001e0e9eea120, 0x000001e0e6cf4bf0,
0x000001e0e6cf5910, 0x000001e0e6cf6cc0, 0x000001e0e6cf7350, 0x000001e0e6cf3ed0,
0x000001e0e6cf8d90
}

Java Threads: ( => current thread )
  0x000001e0fc1249a0 JavaThread "main"                              [_thread_blocked, id=572, stack(0x0000005587900000,0x0000005587a00000) (1024K)]
  0x000001e0fc1dd030 JavaThread "Reference Handler"          daemon [_thread_blocked, id=7832, stack(0x0000005587d00000,0x0000005587e00000) (1024K)]
  0x000001e0fc1ddc80 JavaThread "Finalizer"                  daemon [_thread_blocked, id=16596, stack(0x0000005587e00000,0x0000005587f00000) (1024K)]
  0x000001e0fc096ad0 JavaThread "Signal Dispatcher"          daemon [_thread_blocked, id=18448, stack(0x0000005587f00000,0x0000005588000000) (1024K)]
=>0x000001e0fc0976c0 JavaThread "Attach Listener"            daemon [_thread_in_vm, id=14480, stack(0x0000005588000000,0x0000005588100000) (1024K)]
  0x000001e0fc09ba30 JavaThread "Service Thread"             daemon [_thread_blocked, id=11700, stack(0x0000005588100000,0x0000005588200000) (1024K)]
  0x000001e0fc09c480 JavaThread "Monitor Deflation Thread"   daemon [_thread_blocked, id=17208, stack(0x0000005588200000,0x0000005588300000) (1024K)]
  0x000001e0fc09cf70 JavaThread "C2 CompilerThread0"         daemon [_thread_blocked, id=12220, stack(0x0000005588300000,0x0000005588400000) (1024K)]
  0x000001e0fc0b4d60 JavaThread "C1 CompilerThread0"         daemon [_thread_blocked, id=9112, stack(0x0000005588400000,0x0000005588500000) (1024K)]
  0x000001e0d5568bb0 JavaThread "Common-Cleaner"             daemon [_thread_blocked, id=2460, stack(0x0000005588500000,0x0000005588600000) (1024K)]
  0x000001e0d57bc110 JavaThread "Notification Thread"        daemon [_thread_blocked, id=14004, stack(0x0000005588700000,0x0000005588800000) (1024K)]
  0x000001e0da55d8d0 JavaThread "Active Thread: Equinox Container: 8a06cc93-928f-48da-bb59-e425c4f06bf1"        [_thread_blocked, id=3956, stack(0x0000005588f00000,0x0000005589000000) (1024K)]
  0x000001e0da943510 JavaThread "Refresh Thread: Equinox Container: 8a06cc93-928f-48da-bb59-e425c4f06bf1" daemon [_thread_blocked, id=5592, stack(0x0000005588e00000,0x0000005588f00000) (1024K)]
  0x000001e0da6b3980 JavaThread "Framework Event Dispatcher: Equinox Container: 8a06cc93-928f-48da-bb59-e425c4f06bf1" daemon [_thread_blocked, id=3940, stack(0x0000005589000000,0x0000005589100000) (1024K)]
  0x000001e0da6b47c0 JavaThread "Start Level: Equinox Container: 8a06cc93-928f-48da-bb59-e425c4f06bf1" daemon [_thread_blocked, id=6532, stack(0x0000005589100000,0x0000005589200000) (1024K)]
  0x000001e0dae1c780 JavaThread "Bundle File Closer"         daemon [_thread_blocked, id=4084, stack(0x0000005589300000,0x0000005589400000) (1024K)]
  0x000001e0d57790d0 JavaThread "SCR Component Actor"        daemon [_thread_blocked, id=4000, stack(0x0000005589200000,0x0000005589300000) (1024K)]
  0x000001e0d5525620 JavaThread "Worker-JM"                         [_thread_blocked, id=16544, stack(0x0000005589600000,0x0000005589700000) (1024K)]
  0x000001e0d5524900 JavaThread "JNA Cleaner"                daemon [_thread_blocked, id=19324, stack(0x0000005589700000,0x0000005589800000) (1024K)]
  0x000001e0d5523be0 JavaThread "Worker-1"                          [_thread_blocked, id=18412, stack(0x0000005589900000,0x0000005589a00000) (1024K)]
  0x000001e0d5525cb0 JavaThread "Java indexing"              daemon [_thread_blocked, id=8884, stack(0x0000005589b00000,0x0000005589c00000) (1024K)]
  0x000001e0d5522ec0 JavaThread "Thread-2"                   daemon [_thread_in_native, id=5868, stack(0x000000558a100000,0x000000558a200000) (1024K)]
  0x000001e0d5523550 JavaThread "Thread-3"                   daemon [_thread_in_native, id=12016, stack(0x000000558a200000,0x000000558a300000) (1024K)]
  0x000001e0dbdf69a0 JavaThread "Thread-4"                   daemon [_thread_in_native, id=2600, stack(0x000000558a300000,0x000000558a400000) (1024K)]
  0x000001e0dbdf4f60 JavaThread "Thread-5"                   daemon [_thread_in_native, id=13944, stack(0x000000558a400000,0x000000558a500000) (1024K)]
  0x000001e0dbdf76c0 JavaThread "Thread-6"                   daemon [_thread_in_native, id=15412, stack(0x000000558a500000,0x000000558a600000) (1024K)]
  0x000001e0dbdf55f0 JavaThread "Thread-7"                   daemon [_thread_in_native, id=16880, stack(0x000000558a600000,0x000000558a700000) (1024K)]
  0x000001e0dbdf5c80 JavaThread "Thread-8"                   daemon [_thread_in_native, id=9200, stack(0x000000558a700000,0x000000558a800000) (1024K)]
  0x000001e0dbdf83e0 JavaThread "Thread-9"                   daemon [_thread_in_native, id=17796, stack(0x000000558a800000,0x000000558a900000) (1024K)]
  0x000001e0dbdf6310 JavaThread "Thread-10"                  daemon [_thread_in_native, id=3808, stack(0x000000558a900000,0x000000558aa00000) (1024K)]
  0x000001e0dbdf7d50 JavaThread "pool-2-thread-1"                   [_thread_blocked, id=16144, stack(0x000000558aa00000,0x000000558ab00000) (1024K)]
  0x000001e0dbdf8a70 JavaThread "WorkspaceEventsHandler"            [_thread_blocked, id=15524, stack(0x000000558ab00000,0x000000558ac00000) (1024K)]
  0x000001e0dbdfa4b0 JavaThread "pool-1-thread-1"                   [_thread_blocked, id=6064, stack(0x000000558ac00000,0x000000558ad00000) (1024K)]
  0x000001e0dbdf9100 JavaThread "Worker-4"                          [_thread_blocked, id=10960, stack(0x000000558ad00000,0x000000558ae00000) (1024K)]
  0x000001e0e9eea120 JavaThread "Cleaner-0"                  daemon [_thread_blocked, id=8648, stack(0x000000558c900000,0x000000558ca00000) (1024K)]
  0x000001e0e6cf4bf0 JavaThread "ForkJoinPool.commonPool-worker-9" daemon [_thread_blocked, id=17488, stack(0x0000005587700000,0x0000005587800000) (1024K)]
  0x000001e0e6cf5910 JavaThread "ForkJoinPool.commonPool-worker-10" daemon [_thread_blocked, id=4188, stack(0x0000005587800000,0x0000005587900000) (1024K)]
  0x000001e0e6cf6cc0 JavaThread "ForkJoinPool.commonPool-worker-11" daemon [_thread_blocked, id=9236, stack(0x0000005589400000,0x0000005589500000) (1024K)]
  0x000001e0e6cf7350 JavaThread "ForkJoinPool.commonPool-worker-12" daemon [_thread_blocked, id=16452, stack(0x0000005589500000,0x0000005589600000) (1024K)]
  0x000001e0e6cf3ed0 JavaThread "ForkJoinPool.commonPool-worker-13" daemon [_thread_blocked, id=15296, stack(0x0000005589800000,0x0000005589900000) (1024K)]
  0x000001e0e6cf8d90 JavaThread "ForkJoinPool.commonPool-worker-14" daemon [_thread_blocked, id=5448, stack(0x0000005589a00000,0x0000005589b00000) (1024K)]
Total: 41

Other Threads:
  0x000001e0fc1bead0 VMThread "VM Thread"                           [id=18424, stack(0x0000005587c00000,0x0000005587d00000) (1024K)]
  0x000001e0fbfaca00 WatcherThread "VM Periodic Task Thread"        [id=17904, stack(0x0000005587b00000,0x0000005587c00000) (1024K)]
  0x000001e0fc142d30 WorkerThread "GC Thread#0"                     [id=18204, stack(0x0000005587a00000,0x0000005587b00000) (1024K)]
  0x000001e0da2f8e70 WorkerThread "GC Thread#1"                     [id=14948, stack(0x0000005588800000,0x0000005588900000) (1024K)]
  0x000001e0da393310 WorkerThread "GC Thread#2"                     [id=17428, stack(0x0000005588900000,0x0000005588a00000) (1024K)]
  0x000001e0da393f30 WorkerThread "GC Thread#3"                     [id=9472, stack(0x0000005588a00000,0x0000005588b00000) (1024K)]
  0x000001e0da9a9040 WorkerThread "GC Thread#4"                     [id=6692, stack(0x0000005588b00000,0x0000005588c00000) (1024K)]
  0x000001e0da9a93e0 WorkerThread "GC Thread#5"                     [id=11912, stack(0x0000005588c00000,0x0000005588d00000) (1024K)]
  0x000001e0da9a9780 WorkerThread "GC Thread#6"                     [id=1188, stack(0x0000005588d00000,0x0000005588e00000) (1024K)]
  0x000001e0da0d6d80 WorkerThread "GC Thread#7"                     [id=10820, stack(0x0000005588600000,0x0000005588700000) (1024K)]
Total: 10

Threads with active compile tasks:
Total: 0

VM state: not at safepoint (normal execution)

VM Mutex/Monitor currently owned by a thread: None

Heap address: 0x0000000080000000, size: 2048 MB, Compressed Oops mode: 32-bit

CDS archive(s) mapped at: [0x000001e093000000-0x000001e093ba0000-0x000001e093ba0000), size 12189696, SharedBaseAddress: 0x000001e093000000, ArchiveRelocationMode: 1.
Compressed class space mapped at: 0x000001e094000000-0x000001e0d4000000, reserved size: 1073741824
Narrow klass base: 0x000001e093000000, Narrow klass shift: 0, Narrow klass range: 0x100000000

GC Precious Log:
 CardTable entry size: 512
 CPUs: 8 total, 8 available
 Memory: 8025M
 Large Page Support: Disabled
 NUMA Support: Disabled
 Compressed Oops: Enabled (32-bit)
 Alignments: Space 512K, Generation 512K, Heap 2M
 Heap Min Capacity: 100M
 Heap Initial Capacity: 100M
 Heap Max Capacity: 2G
 Pre-touch: Disabled
 Parallel Workers: 8

Heap:
 PSYoungGen      total 7680K, used 7011K [0x00000000d5580000, 0x00000000d6700000, 0x0000000100000000)
  eden space 3584K, 82% used [0x00000000d5580000,0x00000000d5860d60,0x00000000d5900000)
  from space 4096K, 99% used [0x00000000d5f00000,0x00000000d62f8010,0x00000000d6300000)
  to   space 6144K, 0% used [0x00000000d5900000,0x00000000d5900000,0x00000000d5f00000)
 ParOldGen       total 691712K, used 691216K [0x0000000080000000, 0x00000000aa380000, 0x00000000d5580000)
  object space 691712K, 99% used [0x0000000080000000,0x00000000aa304160,0x00000000aa380000)
 Metaspace       used 95035K, committed 96960K, reserved 1179648K
  class space    used 9435K, committed 10368K, reserved 1048576K

Card table byte_map: [0x000001e0fbac0000,0x000001e0fbed0000] _byte_map_base: 0x000001e0fb6c0000

Marking Bits: (ParMarkBitMap*) 0x00007ffd04a1a340
 Begin Bits: [0x000001e08f000000, 0x000001e091000000)
 End Bits:   [0x000001e091000000, 0x000001e093000000)

Polling page: 0x000001e0f9f30000

Metaspace:

Usage:
  Non-class:     83.59 MB used.
      Class:      9.21 MB used.
       Both:     92.81 MB used.

Virtual space:
  Non-class space:      128.00 MB reserved,      84.56 MB ( 66%) committed,  2 nodes.
      Class space:        1.00 GB reserved,      10.12 MB ( <1%) committed,  1 nodes.
             Both:        1.12 GB reserved,      94.69 MB (  8%) committed. 

Chunk freelists:
   Non-Class:  10.51 MB
       Class:  5.88 MB
        Both:  16.39 MB

MaxMetaspaceSize: unlimited
CompressedClassSpaceSize: 1.00 GB
Initial GC threshold: 21.00 MB
Current GC threshold: 157.75 MB
CDS: on
 - commit_granule_bytes: 65536.
 - commit_granule_words: 8192.
 - virtual_space_node_default_size: 8388608.
 - enlarge_chunks_in_place: 1.
 - use_allocation_guard: 0.


Internal statistics:

num_allocs_failed_limit: 9.
num_arena_births: 2006.
num_arena_deaths: 20.
num_vsnodes_births: 3.
num_vsnodes_deaths: 0.
num_space_committed: 1515.
num_space_uncommitted: 0.
num_chunks_returned_to_freelist: 32.
num_chunks_taken_from_freelist: 6803.
num_chunk_merges: 18.
num_chunk_splits: 4067.
num_chunks_enlarged: 2114.
num_inconsistent_stats: 0.

CodeHeap 'non-profiled nmethods': size=120000Kb used=22925Kb max_used=26182Kb free=97074Kb
 bounds [0x000001e087ad0000, 0x000001e089490000, 0x000001e08f000000]
CodeHeap 'profiled nmethods': size=120000Kb used=30227Kb max_used=51101Kb free=89772Kb
 bounds [0x000001e080000000, 0x000001e0831f0000, 0x000001e087530000]
CodeHeap 'non-nmethods': size=5760Kb used=1539Kb max_used=1628Kb free=4220Kb
 bounds [0x000001e087530000, 0x000001e0877a0000, 0x000001e087ad0000]
CodeCache: size=245760Kb, used=54691Kb, max_used=78911Kb, free=191066Kb
 total_blobs=15775, nmethods=14918, adapters=758, full_count=0
Compilation: enabled, stopped_count=0, restarted_count=0

Compilation events (20 events):
Event: 1997.219 Thread 0x000001e0fc0b4d60 nmethod 31222 0x000001e08802ef90 code [0x000001e08802f120, 0x000001e08802f1e8]
Event: 1997.221 Thread 0x000001e0fc09cf70 nmethod 31220 0x000001e088b61c10 code [0x000001e088b61dc0, 0x000001e088b62140]
Event: 1997.584 Thread 0x000001e0fc0b4d60 31223       3       org.eclipse.jdt.ls.core.internal.handlers.GenerateDelegateMethodsHandler::supportsGenerateDelegateMethods (103 bytes)
Event: 1997.584 Thread 0x000001e0fc0b4d60 nmethod 31223 0x000001e080539310 code [0x000001e080539640, 0x000001e08053a928]
Event: 2002.284 Thread 0x000001e0fc09cf70 31224       4       org.eclipse.jdt.internal.core.PackageFragment::getOrdinaryClassFile (76 bytes)
Event: 2002.299 Thread 0x000001e0fc09cf70 nmethod 31224 0x000001e088e31e10 code [0x000001e088e32060, 0x000001e088e32e50]
Event: 2007.479 Thread 0x000001e0fc09cf70 31225   !   4       org.eclipse.jdt.internal.core.AbstractClassFile::validateClassFile (66 bytes)
Event: 2007.498 Thread 0x000001e0fc09cf70 nmethod 31225 0x000001e088100f90 code [0x000001e088101200, 0x000001e088101f98]
Event: 2016.046 Thread 0x000001e0fc0b4d60 31226       3       org.eclipse.jdt.internal.corext.refactoring.code.makestatic.InitialConditionsChecker::checkValidICompilationUnit (33 bytes)
Event: 2016.046 Thread 0x000001e0fc0b4d60 nmethod 31226 0x000001e0807f9310 code [0x000001e0807f9500, 0x000001e0807f9a28]
Event: 2119.334 Thread 0x000001e0fc0b4d60 31227   !   3       org.eclipse.jdt.internal.core.search.matching.JavaSearchNameEnvironment::mapToClassPathLocation (219 bytes)
Event: 2119.337 Thread 0x000001e0fc0b4d60 nmethod 31227 0x000001e08128f890 code [0x000001e08128fca0, 0x000001e081291ba0]
Event: 2123.494 Thread 0x000001e0fc09cf70 31228       4       org.eclipse.jdt.ls.core.internal.filesystem.JLSFsUtils::generatesMetadataFilesAtProjectRoot (17 bytes)
Event: 2123.497 Thread 0x000001e0fc0b4d60 31229       3       org.eclipse.jdt.ls.core.internal.filesystem.JLSFsUtils::isProjectMetadataFile (71 bytes)
Event: 2123.498 Thread 0x000001e0fc0b4d60 nmethod 31229 0x000001e080d9b490 code [0x000001e080d9b720, 0x000001e080d9c0d8]
Event: 2123.498 Thread 0x000001e0fc0b4d60 31230       3       org.eclipse.jdt.ls.core.internal.filesystem.JLSFsUtils::shouldStoreInMetadataArea (73 bytes)
Event: 2123.500 Thread 0x000001e0fc0b4d60 nmethod 31230 0x000001e0800c6e90 code [0x000001e0800c7240, 0x000001e0800c85e8]
Event: 2123.506 Thread 0x000001e0fc09cf70 nmethod 31228 0x000001e0888a3910 code [0x000001e0888a3b60, 0x000001e0888a43c8]
Event: 2123.794 Thread 0x000001e0fc09cf70 31231       4       org.eclipse.core.internal.utils.StringPool::add (50 bytes)
Event: 2123.809 Thread 0x000001e0fc09cf70 nmethod 31231 0x000001e088319410 code [0x000001e088319680, 0x000001e08831a240]

GC Heap History (20 events):
Event: 2015.843 GC heap before
{Heap before GC invocations=5560 (full 10):
 PSYoungGen      total 6656K, used 6272K [0x00000000d5580000, 0x00000000d5d00000, 0x0000000100000000)
  eden space 5632K, 100% used [0x00000000d5580000,0x00000000d5b00000,0x00000000d5b00000)
  from space 1024K, 62% used [0x00000000d5c00000,0x00000000d5ca0000,0x00000000d5d00000)
  to   space 1024K, 0% used [0x00000000d5b00000,0x00000000d5b00000,0x00000000d5c00000)
 ParOldGen       total 683008K, used 682674K [0x0000000080000000, 0x00000000a9b00000, 0x00000000d5580000)
  object space 683008K, 99% used [0x0000000080000000,0x00000000a9aac9a0,0x00000000a9b00000)
 Metaspace       used 94940K, committed 96896K, reserved 1179648K
  class space    used 9423K, committed 10368K, reserved 1048576K
}
Event: 2015.845 GC heap after
{Heap after GC invocations=5560 (full 10):
 PSYoungGen      total 6656K, used 544K [0x00000000d5580000, 0x00000000d5d00000, 0x0000000100000000)
  eden space 5632K, 0% used [0x00000000d5580000,0x00000000d5580000,0x00000000d5b00000)
  from space 1024K, 53% used [0x00000000d5b00000,0x00000000d5b88000,0x00000000d5c00000)
  to   space 1024K, 0% used [0x00000000d5c00000,0x00000000d5c00000,0x00000000d5d00000)
 ParOldGen       total 683520K, used 683154K [0x0000000080000000, 0x00000000a9b80000, 0x00000000d5580000)
  object space 683520K, 99% used [0x0000000080000000,0x00000000a9b24a00,0x00000000a9b80000)
 Metaspace       used 94940K, committed 96896K, reserved 1179648K
  class space    used 9423K, committed 10368K, reserved 1048576K
}
Event: 2015.855 GC heap before
{Heap before GC invocations=5561 (full 10):
 PSYoungGen      total 6656K, used 6176K [0x00000000d5580000, 0x00000000d5d00000, 0x0000000100000000)
  eden space 5632K, 100% used [0x00000000d5580000,0x00000000d5b00000,0x00000000d5b00000)
  from space 1024K, 53% used [0x00000000d5b00000,0x00000000d5b88000,0x00000000d5c00000)
  to   space 1024K, 0% used [0x00000000d5c00000,0x00000000d5c00000,0x00000000d5d00000)
 ParOldGen       total 683520K, used 683154K [0x0000000080000000, 0x00000000a9b80000, 0x00000000d5580000)
  object space 683520K, 99% used [0x0000000080000000,0x00000000a9b24a00,0x00000000a9b80000)
 Metaspace       used 94940K, committed 96896K, reserved 1179648K
  class space    used 9423K, committed 10368K, reserved 1048576K
}
Event: 2015.857 GC heap after
{Heap after GC invocations=5561 (full 10):
 PSYoungGen      total 6656K, used 698K [0x00000000d5580000, 0x00000000d5d00000, 0x0000000100000000)
  eden space 5632K, 0% used [0x00000000d5580000,0x00000000d5580000,0x00000000d5b00000)
  from space 1024K, 68% used [0x00000000d5c00000,0x00000000d5cae900,0x00000000d5d00000)
  to   space 1024K, 0% used [0x00000000d5b00000,0x00000000d5b00000,0x00000000d5c00000)
 ParOldGen       total 684032K, used 683578K [0x0000000080000000, 0x00000000a9c00000, 0x00000000d5580000)
  object space 684032K, 99% used [0x0000000080000000,0x00000000a9b8eba8,0x00000000a9c00000)
 Metaspace       used 94940K, committed 96896K, reserved 1179648K
  class space    used 9423K, committed 10368K, reserved 1048576K
}
Event: 2015.867 GC heap before
{Heap before GC invocations=5562 (full 10):
 PSYoungGen      total 6656K, used 6330K [0x00000000d5580000, 0x00000000d5d00000, 0x0000000100000000)
  eden space 5632K, 100% used [0x00000000d5580000,0x00000000d5b00000,0x00000000d5b00000)
  from space 1024K, 68% used [0x00000000d5c00000,0x00000000d5cae900,0x00000000d5d00000)
  to   space 1024K, 0% used [0x00000000d5b00000,0x00000000d5b00000,0x00000000d5c00000)
 ParOldGen       total 684032K, used 683578K [0x0000000080000000, 0x00000000a9c00000, 0x00000000d5580000)
  object space 684032K, 99% used [0x0000000080000000,0x00000000a9b8eba8,0x00000000a9c00000)
 Metaspace       used 94940K, committed 96896K, reserved 1179648K
  class space    used 9423K, committed 10368K, reserved 1048576K
}
Event: 2015.869 GC heap after
{Heap after GC invocations=5562 (full 10):
 PSYoungGen      total 6656K, used 788K [0x00000000d5580000, 0x00000000d5d00000, 0x0000000100000000)
  eden space 5632K, 0% used [0x00000000d5580000,0x00000000d5580000,0x00000000d5b00000)
  from space 1024K, 77% used [0x00000000d5b00000,0x00000000d5bc5200,0x00000000d5c00000)
  to   space 1024K, 0% used [0x00000000d5c00000,0x00000000d5c00000,0x00000000d5d00000)
 ParOldGen       total 684544K, used 684223K [0x0000000080000000, 0x00000000a9c80000, 0x00000000d5580000)
  object space 684544K, 99% used [0x0000000080000000,0x00000000a9c2fdd8,0x00000000a9c80000)
 Metaspace       used 94940K, committed 96896K, reserved 1179648K
  class space    used 9423K, committed 10368K, reserved 1048576K
}
Event: 2016.048 GC heap before
{Heap before GC invocations=5563 (full 10):
 PSYoungGen      total 6656K, used 6420K [0x00000000d5580000, 0x00000000d5d00000, 0x0000000100000000)
  eden space 5632K, 100% used [0x00000000d5580000,0x00000000d5b00000,0x00000000d5b00000)
  from space 1024K, 77% used [0x00000000d5b00000,0x00000000d5bc5200,0x00000000d5c00000)
  to   space 1024K, 0% used [0x00000000d5c00000,0x00000000d5c00000,0x00000000d5d00000)
 ParOldGen       total 684544K, used 684223K [0x0000000080000000, 0x00000000a9c80000, 0x00000000d5580000)
  object space 684544K, 99% used [0x0000000080000000,0x00000000a9c2fdd8,0x00000000a9c80000)
 Metaspace       used 94941K, committed 96896K, reserved 1179648K
  class space    used 9423K, committed 10368K, reserved 1048576K
}
Event: 2016.050 GC heap after
{Heap after GC invocations=5563 (full 10):
 PSYoungGen      total 6656K, used 612K [0x00000000d5580000, 0x00000000d5d00000, 0x0000000100000000)
  eden space 5632K, 0% used [0x00000000d5580000,0x00000000d5580000,0x00000000d5b00000)
  from space 1024K, 59% used [0x00000000d5c00000,0x00000000d5c99210,0x00000000d5d00000)
  to   space 1024K, 0% used [0x00000000d5b00000,0x00000000d5b00000,0x00000000d5c00000)
 ParOldGen       total 685056K, used 684904K [0x0000000080000000, 0x00000000a9d00000, 0x00000000d5580000)
  object space 685056K, 99% used [0x0000000080000000,0x00000000a9cda2a8,0x00000000a9d00000)
 Metaspace       used 94941K, committed 96896K, reserved 1179648K
  class space    used 9423K, committed 10368K, reserved 1048576K
}
Event: 2016.059 GC heap before
{Heap before GC invocations=5564 (full 10):
 PSYoungGen      total 6656K, used 6244K [0x00000000d5580000, 0x00000000d5d00000, 0x0000000100000000)
  eden space 5632K, 100% used [0x00000000d5580000,0x00000000d5b00000,0x00000000d5b00000)
  from space 1024K, 59% used [0x00000000d5c00000,0x00000000d5c99210,0x00000000d5d00000)
  to   space 1024K, 0% used [0x00000000d5b00000,0x00000000d5b00000,0x00000000d5c00000)
 ParOldGen       total 685056K, used 684904K [0x0000000080000000, 0x00000000a9d00000, 0x00000000d5580000)
  object space 685056K, 99% used [0x0000000080000000,0x00000000a9cda2a8,0x00000000a9d00000)
 Metaspace       used 94941K, committed 96896K, reserved 1179648K
  class space    used 9423K, committed 10368K, reserved 1048576K
}
Event: 2016.060 GC heap after
{Heap after GC invocations=5564 (full 10):
 PSYoungGen      total 6656K, used 672K [0x00000000d5580000, 0x00000000d5d00000, 0x0000000100000000)
  eden space 5632K, 0% used [0x00000000d5580000,0x00000000d5580000,0x00000000d5b00000)
  from space 1024K, 65% used [0x00000000d5b00000,0x00000000d5ba8000,0x00000000d5c00000)
  to   space 1024K, 0% used [0x00000000d5c00000,0x00000000d5c00000,0x00000000d5d00000)
 ParOldGen       total 685568K, used 685413K [0x0000000080000000, 0x00000000a9d80000, 0x00000000d5580000)
  object space 685568K, 99% used [0x0000000080000000,0x00000000a9d594d8,0x00000000a9d80000)
 Metaspace       used 94941K, committed 96896K, reserved 1179648K
  class space    used 9423K, committed 10368K, reserved 1048576K
}
Event: 2016.265 GC heap before
{Heap before GC invocations=5565 (full 10):
 PSYoungGen      total 6656K, used 6303K [0x00000000d5580000, 0x00000000d5d00000, 0x0000000100000000)
  eden space 5632K, 99% used [0x00000000d5580000,0x00000000d5affff8,0x00000000d5b00000)
  from space 1024K, 65% used [0x00000000d5b00000,0x00000000d5ba8000,0x00000000d5c00000)
  to   space 1024K, 0% used [0x00000000d5c00000,0x00000000d5c00000,0x00000000d5d00000)
 ParOldGen       total 685568K, used 685413K [0x0000000080000000, 0x00000000a9d80000, 0x00000000d5580000)
  object space 685568K, 99% used [0x0000000080000000,0x00000000a9d594d8,0x00000000a9d80000)
 Metaspace       used 94941K, committed 96896K, reserved 1179648K
  class space    used 9423K, committed 10368K, reserved 1048576K
}
Event: 2016.272 GC heap after
{Heap after GC invocations=5565 (full 10):
 PSYoungGen      total 6656K, used 772K [0x00000000d5580000, 0x00000000d5d00000, 0x0000000100000000)
  eden space 5632K, 0% used [0x00000000d5580000,0x00000000d5580000,0x00000000d5b00000)
  from space 1024K, 75% used [0x00000000d5c00000,0x00000000d5cc1210,0x00000000d5d00000)
  to   space 1024K, 0% used [0x00000000d5b00000,0x00000000d5b00000,0x00000000d5c00000)
 ParOldGen       total 686080K, used 686029K [0x0000000080000000, 0x00000000a9e00000, 0x00000000d5580000)
  object space 686080K, 99% used [0x0000000080000000,0x00000000a9df3518,0x00000000a9e00000)
 Metaspace       used 94941K, committed 96896K, reserved 1179648K
  class space    used 9423K, committed 10368K, reserved 1048576K
}
Event: 2016.296 GC heap before
{Heap before GC invocations=5566 (full 10):
 PSYoungGen      total 6656K, used 6404K [0x00000000d5580000, 0x00000000d5d00000, 0x0000000100000000)
  eden space 5632K, 100% used [0x00000000d5580000,0x00000000d5b00000,0x00000000d5b00000)
  from space 1024K, 75% used [0x00000000d5c00000,0x00000000d5cc1210,0x00000000d5d00000)
  to   space 1024K, 0% used [0x00000000d5b00000,0x00000000d5b00000,0x00000000d5c00000)
 ParOldGen       total 686080K, used 686029K [0x0000000080000000, 0x00000000a9e00000, 0x00000000d5580000)
  object space 686080K, 99% used [0x0000000080000000,0x00000000a9df3518,0x00000000a9e00000)
 Metaspace       used 94941K, committed 96896K, reserved 1179648K
  class space    used 9423K, committed 10368K, reserved 1048576K
}
Event: 2016.299 GC heap after
{Heap after GC invocations=5566 (full 10):
 PSYoungGen      total 6656K, used 820K [0x00000000d5580000, 0x00000000d5d00000, 0x0000000100000000)
  eden space 5632K, 0% used [0x00000000d5580000,0x00000000d5580000,0x00000000d5b00000)
  from space 1024K, 80% used [0x00000000d5b00000,0x00000000d5bcd220,0x00000000d5c00000)
  to   space 1024K, 0% used [0x00000000d5c00000,0x00000000d5c00000,0x00000000d5d00000)
 ParOldGen       total 687104K, used 686654K [0x0000000080000000, 0x00000000a9f00000, 0x00000000d5580000)
  object space 687104K, 99% used [0x0000000080000000,0x00000000a9e8f9c8,0x00000000a9f00000)
 Metaspace       used 94941K, committed 96896K, reserved 1179648K
  class space    used 9423K, committed 10368K, reserved 1048576K
}
Event: 2119.299 GC heap before
{Heap before GC invocations=5567 (full 10):
 PSYoungGen      total 6656K, used 6431K [0x00000000d5580000, 0x00000000d5d00000, 0x0000000100000000)
  eden space 5632K, 99% used [0x00000000d5580000,0x00000000d5afad58,0x00000000d5b00000)
  from space 1024K, 80% used [0x00000000d5b00000,0x00000000d5bcd220,0x00000000d5c00000)
  to   space 1024K, 0% used [0x00000000d5c00000,0x00000000d5c00000,0x00000000d5d00000)
 ParOldGen       total 687104K, used 686654K [0x0000000080000000, 0x00000000a9f00000, 0x00000000d5580000)
  object space 687104K, 99% used [0x0000000080000000,0x00000000a9e8f9c8,0x00000000a9f00000)
 Metaspace       used 94990K, committed 96960K, reserved 1179648K
  class space    used 9429K, committed 10368K, reserved 1048576K
}
Event: 2119.302 GC heap after
{Heap after GC invocations=5567 (full 10):
 PSYoungGen      total 6656K, used 617K [0x00000000d5580000, 0x00000000d5d00000, 0x0000000100000000)
  eden space 5632K, 0% used [0x00000000d5580000,0x00000000d5580000,0x00000000d5b00000)
  from space 1024K, 60% used [0x00000000d5c00000,0x00000000d5c9a788,0x00000000d5d00000)
  to   space 1024K, 0% used [0x00000000d5b00000,0x00000000d5b00000,0x00000000d5c00000)
 ParOldGen       total 687616K, used 687362K [0x0000000080000000, 0x00000000a9f80000, 0x00000000d5580000)
  object space 687616K, 99% used [0x0000000080000000,0x00000000a9f40bf8,0x00000000a9f80000)
 Metaspace       used 94990K, committed 96960K, reserved 1179648K
  class space    used 9429K, committed 10368K, reserved 1048576K
}
Event: 2119.347 GC heap before
{Heap before GC invocations=5568 (full 10):
 PSYoungGen      total 6656K, used 6249K [0x00000000d5580000, 0x00000000d5d00000, 0x0000000100000000)
  eden space 5632K, 99% used [0x00000000d5580000,0x00000000d5affff0,0x00000000d5b00000)
  from space 1024K, 60% used [0x00000000d5c00000,0x00000000d5c9a788,0x00000000d5d00000)
  to   space 1024K, 0% used [0x00000000d5b00000,0x00000000d5b00000,0x00000000d5c00000)
 ParOldGen       total 687616K, used 687362K [0x0000000080000000, 0x00000000a9f80000, 0x00000000d5580000)
  object space 687616K, 99% used [0x0000000080000000,0x00000000a9f40bf8,0x00000000a9f80000)
 Metaspace       used 95034K, committed 96960K, reserved 1179648K
  class space    used 9434K, committed 10368K, reserved 1048576K
}
Event: 2119.350 GC heap after
{Heap after GC invocations=5568 (full 10):
 PSYoungGen      total 6656K, used 1023K [0x00000000d5580000, 0x00000000d6300000, 0x0000000100000000)
  eden space 5632K, 0% used [0x00000000d5580000,0x00000000d5580000,0x00000000d5b00000)
  from space 1024K, 99% used [0x00000000d5b00000,0x00000000d5bffe60,0x00000000d5c00000)
  to   space 4096K, 0% used [0x00000000d5f00000,0x00000000d5f00000,0x00000000d6300000)
 ParOldGen       total 690176K, used 689743K [0x0000000080000000, 0x00000000aa200000, 0x00000000d5580000)
  object space 690176K, 99% used [0x0000000080000000,0x00000000aa193f88,0x00000000aa200000)
 Metaspace       used 95034K, committed 96960K, reserved 1179648K
  class space    used 9434K, committed 10368K, reserved 1048576K
}
Event: 2119.381 GC heap before
{Heap before GC invocations=5569 (full 10):
 PSYoungGen      total 6656K, used 6655K [0x00000000d5580000, 0x00000000d6300000, 0x0000000100000000)
  eden space 5632K, 100% used [0x00000000d5580000,0x00000000d5b00000,0x00000000d5b00000)
  from space 1024K, 99% used [0x00000000d5b00000,0x00000000d5bffe60,0x00000000d5c00000)
  to   space 4096K, 0% used [0x00000000d5f00000,0x00000000d5f00000,0x00000000d6300000)
 ParOldGen       total 690176K, used 689743K [0x0000000080000000, 0x00000000aa200000, 0x00000000d5580000)
  object space 690176K, 99% used [0x0000000080000000,0x00000000aa193f88,0x00000000aa200000)
 Metaspace       used 95034K, committed 96960K, reserved 1179648K
  class space    used 9434K, committed 10368K, reserved 1048576K
}
Event: 2119.384 GC heap after
{Heap after GC invocations=5569 (full 10):
 PSYoungGen      total 7680K, used 4064K [0x00000000d5580000, 0x00000000d6700000, 0x0000000100000000)
  eden space 3584K, 0% used [0x00000000d5580000,0x00000000d5580000,0x00000000d5900000)
  from space 4096K, 99% used [0x00000000d5f00000,0x00000000d62f8010,0x00000000d6300000)
  to   space 6144K, 0% used [0x00000000d5900000,0x00000000d5900000,0x00000000d5f00000)
 ParOldGen       total 691712K, used 691216K [0x0000000080000000, 0x00000000aa380000, 0x00000000d5580000)
  object space 691712K, 99% used [0x0000000080000000,0x00000000aa304160,0x00000000aa380000)
 Metaspace       used 95034K, committed 96960K, reserved 1179648K
  class space    used 9434K, committed 10368K, reserved 1048576K
}

Dll operation events (12 events):
Event: 0.281 Loaded shared library c:\Users\user\.vscode\extensions\redhat.java-1.44.0-win32-x64\jre\21.0.8-win32-x86_64\bin\java.dll
Event: 0.412 Loaded shared library c:\Users\user\.vscode\extensions\redhat.java-1.44.0-win32-x64\jre\21.0.8-win32-x86_64\bin\zip.dll
Event: 0.478 Loaded shared library C:\Users\user\.vscode\extensions\redhat.java-1.44.0-win32-x64\jre\21.0.8-win32-x86_64\bin\instrument.dll
Event: 0.481 Loaded shared library C:\Users\user\.vscode\extensions\redhat.java-1.44.0-win32-x64\jre\21.0.8-win32-x86_64\bin\net.dll
Event: 0.484 Loaded shared library C:\Users\user\.vscode\extensions\redhat.java-1.44.0-win32-x64\jre\21.0.8-win32-x86_64\bin\nio.dll
Event: 0.486 Loaded shared library C:\Users\user\.vscode\extensions\redhat.java-1.44.0-win32-x64\jre\21.0.8-win32-x86_64\bin\zip.dll
Event: 0.503 Loaded shared library C:\Users\user\.vscode\extensions\redhat.java-1.44.0-win32-x64\jre\21.0.8-win32-x86_64\bin\jimage.dll
Event: 0.582 Loaded shared library c:\Users\user\.vscode\extensions\redhat.java-1.44.0-win32-x64\jre\21.0.8-win32-x86_64\bin\verify.dll
Event: 12.653 Loaded shared library C:\Users\user\AppData\Roaming\Code\User\globalStorage\redhat.java\1.44.0\config_win\org.eclipse.equinox.launcher\org.eclipse.equinox.launcher.win32.win32.x86_64_1.2.1400.v20250730-1736\eclipse_11913.dll
Event: 23.668 Loaded shared library C:\Users\user\AppData\Local\Temp\jna-3599307\jna18060564789876986609.dll
Event: 302.189 Loaded shared library C:\Users\user\.vscode\extensions\redhat.java-1.44.0-win32-x64\jre\21.0.8-win32-x86_64\bin\sunmscapi.dll
Event: 302.642 Loaded shared library C:\Users\user\.vscode\extensions\redhat.java-1.44.0-win32-x64\jre\21.0.8-win32-x86_64\bin\extnet.dll

Deoptimization events (20 events):
Event: 2118.538 Thread 0x000001e0dbdf8a70 Uncommon trap: trap_request=0xffffff45 fr.pc=0x000001e087f1f30c relative=0x000000000000052c
Event: 2118.538 Thread 0x000001e0dbdf8a70 Uncommon trap: reason=unstable_if action=reinterpret pc=0x000001e087f1f30c method=java.net.URI.percentNormalizedComparison(Ljava/lang/String;Ljava/lang/String;Z)I @ 109 c2
Event: 2118.538 Thread 0x000001e0dbdf8a70 DEOPT PACKING pc=0x000001e087f1f30c sp=0x000000558abfece0
Event: 2118.538 Thread 0x000001e0dbdf8a70 DEOPT UNPACKING pc=0x000001e087583aa2 sp=0x000000558abfebf8 mode 2
Event: 2119.312 Thread 0x000001e0e6cf4bf0 Uncommon trap: trap_request=0xffffff66 fr.pc=0x000001e087d0c400 relative=0x0000000000000f20
Event: 2119.312 Thread 0x000001e0e6cf4bf0 Uncommon trap: reason=speculate_class_check action=maybe_recompile pc=0x000001e087d0c400 method=org.eclipse.core.internal.resources.Resource.isLinked()Z @ 2 c2
Event: 2119.312 Thread 0x000001e0e6cf4bf0 DEOPT PACKING pc=0x000001e087d0c400 sp=0x00000055877fe7e0
Event: 2119.312 Thread 0x000001e0e6cf4bf0 DEOPT UNPACKING pc=0x000001e087583aa2 sp=0x00000055877fe750 mode 2
Event: 2119.314 Thread 0x000001e0e6cf4bf0 Uncommon trap: trap_request=0xffffff45 fr.pc=0x000001e088a69fb8 relative=0x0000000000000638
Event: 2119.314 Thread 0x000001e0e6cf4bf0 Uncommon trap: reason=unstable_if action=reinterpret pc=0x000001e088a69fb8 method=org.eclipse.jdt.internal.core.search.JavaSearchScope.addEnclosingProjectOrJar(Lorg/eclipse/core/runtime/IPath;)V @ 23 c2
Event: 2119.314 Thread 0x000001e0e6cf4bf0 DEOPT PACKING pc=0x000001e088a69fb8 sp=0x00000055877fe820
Event: 2119.314 Thread 0x000001e0e6cf4bf0 DEOPT UNPACKING pc=0x000001e087583aa2 sp=0x00000055877fe800 mode 2
Event: 2119.329 Thread 0x000001e0e6cf4bf0 Uncommon trap: trap_request=0xffffff45 fr.pc=0x000001e088214a2c relative=0x00000000000053ec
Event: 2119.329 Thread 0x000001e0e6cf4bf0 Uncommon trap: reason=unstable_if action=reinterpret pc=0x000001e088214a2c method=org.eclipse.jdt.internal.core.JavaModelManager.getArchiveValidity(Lorg/eclipse/core/runtime/IPath;)Lorg/eclipse/jdt/internal/core/JavaModelManager$ArchiveValidity; @ 63 c2
Event: 2119.329 Thread 0x000001e0e6cf4bf0 DEOPT PACKING pc=0x000001e088214a2c sp=0x00000055877fe140
Event: 2119.329 Thread 0x000001e0e6cf4bf0 DEOPT UNPACKING pc=0x000001e087583aa2 sp=0x00000055877fdfc0 mode 2
Event: 2119.380 Thread 0x000001e0e6cf4bf0 Uncommon trap: trap_request=0xffffff45 fr.pc=0x000001e088f172fc relative=0x000000000000089c
Event: 2119.380 Thread 0x000001e0e6cf4bf0 Uncommon trap: reason=unstable_if action=reinterpret pc=0x000001e088f172fc method=org.eclipse.jdt.internal.compiler.parser.Parser.constructTypeReference(I)Lorg/eclipse/jdt/internal/compiler/ast/TypeReference; @ 179 c2
Event: 2119.380 Thread 0x000001e0e6cf4bf0 DEOPT PACKING pc=0x000001e088f172fc sp=0x00000055877fe1d0
Event: 2119.380 Thread 0x000001e0e6cf4bf0 DEOPT UNPACKING pc=0x000001e087583aa2 sp=0x00000055877fe180 mode 2

Classes loaded (20 events):
Event: 550.064 Loading class jdk/internal/module/IllegalAccessLogger
Event: 550.064 Loading class jdk/internal/module/IllegalAccessLogger done
Event: 551.550 Loading class jdk/internal/module/IllegalAccessLogger
Event: 551.550 Loading class jdk/internal/module/IllegalAccessLogger done
Event: 554.313 Loading class jdk/internal/module/IllegalAccessLogger
Event: 554.313 Loading class jdk/internal/module/IllegalAccessLogger done
Event: 555.483 Loading class jdk/internal/module/IllegalAccessLogger
Event: 555.483 Loading class jdk/internal/module/IllegalAccessLogger done
Event: 556.805 Loading class jdk/internal/module/IllegalAccessLogger
Event: 556.805 Loading class jdk/internal/module/IllegalAccessLogger done
Event: 565.822 Loading class jdk/internal/module/IllegalAccessLogger
Event: 565.822 Loading class jdk/internal/module/IllegalAccessLogger done
Event: 569.646 Loading class jdk/internal/module/IllegalAccessLogger
Event: 569.646 Loading class jdk/internal/module/IllegalAccessLogger done
Event: 571.983 Loading class jdk/internal/module/IllegalAccessLogger
Event: 571.983 Loading class jdk/internal/module/IllegalAccessLogger done
Event: 580.857 Loading class jdk/internal/module/IllegalAccessLogger
Event: 580.857 Loading class jdk/internal/module/IllegalAccessLogger done
Event: 582.677 Loading class jdk/internal/module/IllegalAccessLogger
Event: 582.677 Loading class jdk/internal/module/IllegalAccessLogger done

Classes unloaded (10 events):
Event: 24.159 Thread 0x000001e0fc1bead0 Unloading class 0x000001e0941aac00 'java/lang/invoke/LambdaForm$MH+0x000001e0941aac00'
Event: 24.159 Thread 0x000001e0fc1bead0 Unloading class 0x000001e0941aa800 'java/lang/invoke/LambdaForm$MH+0x000001e0941aa800'
Event: 24.159 Thread 0x000001e0fc1bead0 Unloading class 0x000001e0941aa400 'java/lang/invoke/LambdaForm$MH+0x000001e0941aa400'
Event: 24.159 Thread 0x000001e0fc1bead0 Unloading class 0x000001e0941aa000 'java/lang/invoke/LambdaForm$MH+0x000001e0941aa000'
Event: 24.159 Thread 0x000001e0fc1bead0 Unloading class 0x000001e0941a9c00 'java/lang/invoke/LambdaForm$BMH+0x000001e0941a9c00'
Event: 24.159 Thread 0x000001e0fc1bead0 Unloading class 0x000001e0941a9800 'java/lang/invoke/LambdaForm$DMH+0x000001e0941a9800'
Event: 24.159 Thread 0x000001e0fc1bead0 Unloading class 0x000001e0941a8800 'java/lang/invoke/LambdaForm$DMH+0x000001e0941a8800'
Event: 61.731 Thread 0x000001e0fc1bead0 Unloading class 0x000001e09470cc00 'java/lang/invoke/LambdaForm$DMH+0x000001e09470cc00'
Event: 61.731 Thread 0x000001e0fc1bead0 Unloading class 0x000001e09470c800 'java/lang/invoke/LambdaForm$DMH+0x000001e09470c800'
Event: 61.731 Thread 0x000001e0fc1bead0 Unloading class 0x000001e09470c400 'java/lang/invoke/LambdaForm$DMH+0x000001e09470c400'

Classes redefined (0 events):
No events

Internal exceptions (20 events):
Event: 549.924 Thread 0x000001e0d5525cb0 Exception <a 'sun/nio/fs/WindowsException'{0x00000000d58326d8}> (0x00000000d58326d8) 
thrown [s\src\hotspot\share\prims\jni.cpp, line 520]
Event: 550.211 Thread 0x000001e0d5525cb0 Exception <a 'sun/nio/fs/WindowsException'{0x00000000d55947d0}> (0x00000000d55947d0) 
thrown [s\src\hotspot\share\prims\jni.cpp, line 520]
Event: 551.428 Thread 0x000001e0d5525cb0 Exception <a 'sun/nio/fs/WindowsException'{0x00000000d583cc50}> (0x00000000d583cc50) 
thrown [s\src\hotspot\share\prims\jni.cpp, line 520]
Event: 551.648 Thread 0x000001e0d5525cb0 Exception <a 'sun/nio/fs/WindowsException'{0x00000000d55a7dc0}> (0x00000000d55a7dc0) 
thrown [s\src\hotspot\share\prims\jni.cpp, line 520]
Event: 554.072 Thread 0x000001e0d5525cb0 Exception <a 'sun/nio/fs/WindowsException'{0x00000000d579c8e0}> (0x00000000d579c8e0) 
thrown [s\src\hotspot\share\prims\jni.cpp, line 520]
Event: 554.339 Thread 0x000001e0d5525cb0 Exception <a 'sun/nio/fs/WindowsException'{0x00000000d5616518}> (0x00000000d5616518) 
thrown [s\src\hotspot\share\prims\jni.cpp, line 520]
Event: 556.596 Thread 0x000001e0d5525cb0 Exception <a 'sun/nio/fs/WindowsException'{0x00000000d56a1468}> (0x00000000d56a1468) 
thrown [s\src\hotspot\share\prims\jni.cpp, line 520]
Event: 556.817 Thread 0x000001e0d5525cb0 Exception <a 'sun/nio/fs/WindowsException'{0x00000000d56ad468}> (0x00000000d56ad468) 
thrown [s\src\hotspot\share\prims\jni.cpp, line 520]
Event: 565.630 Thread 0x000001e0d5525cb0 Exception <a 'sun/nio/fs/WindowsException'{0x00000000d57a6048}> (0x00000000d57a6048) 
thrown [s\src\hotspot\share\prims\jni.cpp, line 520]
Event: 565.836 Thread 0x000001e0d5525cb0 Exception <a 'sun/nio/fs/WindowsException'{0x00000000d58aba38}> (0x00000000d58aba38) 
thrown [s\src\hotspot\share\prims\jni.cpp, line 520]
Event: 569.222 Thread 0x000001e0d5525cb0 Exception <a 'sun/nio/fs/WindowsException'{0x00000000d5672868}> (0x00000000d5672868) 
thrown [s\src\hotspot\share\prims\jni.cpp, line 520]
Event: 569.663 Thread 0x000001e0d5525cb0 Exception <a 'sun/nio/fs/WindowsException'{0x00000000d56796e0}> (0x00000000d56796e0) 
thrown [s\src\hotspot\share\prims\jni.cpp, line 520]
Event: 571.811 Thread 0x000001e0d5525cb0 Exception <a 'sun/nio/fs/WindowsException'{0x00000000d57eb5d0}> (0x00000000d57eb5d0) 
thrown [s\src\hotspot\share\prims\jni.cpp, line 520]
Event: 572.033 Thread 0x000001e0d5525cb0 Exception <a 'sun/nio/fs/WindowsException'{0x00000000d5580598}> (0x00000000d5580598) 
thrown [s\src\hotspot\share\prims\jni.cpp, line 520]
Event: 572.188 Thread 0x000001e0e6cf8d90 Implicit null exception at 0x000001e088bb0360 to 0x000001e088bb274c
Event: 580.670 Thread 0x000001e0d5525cb0 Exception <a 'sun/nio/fs/WindowsException'{0x00000000d563cf88}> (0x00000000d563cf88) 
thrown [s\src\hotspot\share\prims\jni.cpp, line 520]
Event: 580.839 Thread 0x000001e0d5525cb0 Exception <a 'sun/nio/fs/WindowsException'{0x00000000d56ab208}> (0x00000000d56ab208) 
thrown [s\src\hotspot\share\prims\jni.cpp, line 520]
Event: 582.555 Thread 0x000001e0d5525cb0 Exception <a 'sun/nio/fs/WindowsException'{0x00000000d5690600}> (0x00000000d5690600) 
thrown [s\src\hotspot\share\prims\jni.cpp, line 520]
Event: 582.795 Thread 0x000001e0d5525cb0 Exception <a 'sun/nio/fs/WindowsException'{0x00000000d56a7970}> (0x00000000d56a7970) 
thrown [s\src\hotspot\share\prims\jni.cpp, line 520]
Event: 2119.309 Thread 0x000001e0e6cf4bf0 Exception <a 'java/lang/NoSuchMethodError'{0x00000000d55a6970}: 'java.lang.Object java.lang.invoke.DirectMethodHandle$Holder.invokeStaticInit(java.lang.Object, java.lang.Object, java.lang.Object)'> (0x00000000d55a6970) 
thrown [s\src\hotspot\share\interpreter\linkResolver.cpp, line 773]

ZGC Phase Switch (0 events):
No events

VM Operations (20 events):
Event: 2016.048 Executing VM operation: ParallelGCFailedAllocation (Allocation Failure)
Event: 2016.050 Executing VM operation: ParallelGCFailedAllocation (Allocation Failure) done
Event: 2016.059 Executing VM operation: ParallelGCFailedAllocation (Allocation Failure)
Event: 2016.060 Executing VM operation: ParallelGCFailedAllocation (Allocation Failure) done
Event: 2016.265 Executing VM operation: ParallelGCFailedAllocation (Allocation Failure)
Event: 2016.272 Executing VM operation: ParallelGCFailedAllocation (Allocation Failure) done
Event: 2016.296 Executing VM operation: ParallelGCFailedAllocation (Allocation Failure)
Event: 2016.299 Executing VM operation: ParallelGCFailedAllocation (Allocation Failure) done
Event: 2044.265 Executing VM operation: HandshakeAllThreads (HandshakeForDeflation)
Event: 2044.265 Executing VM operation: HandshakeAllThreads (HandshakeForDeflation) done
Event: 2044.265 Executing VM operation: RendezvousGCThreads
Event: 2044.265 Executing VM operation: RendezvousGCThreads done
Event: 2119.299 Executing VM operation: ParallelGCFailedAllocation (Allocation Failure)
Event: 2119.303 Executing VM operation: ParallelGCFailedAllocation (Allocation Failure) done
Event: 2119.347 Executing VM operation: ParallelGCFailedAllocation (Allocation Failure)
Event: 2119.350 Executing VM operation: ParallelGCFailedAllocation (Allocation Failure) done
Event: 2119.381 Executing VM operation: ParallelGCFailedAllocation (Allocation Failure)
Event: 2119.384 Executing VM operation: ParallelGCFailedAllocation (Allocation Failure) done
Event: 2120.385 Executing VM operation: Cleanup
Event: 2120.385 Executing VM operation: Cleanup done

Memory protections (0 events):
No events

Nmethod flushes (20 events):
Event: 569.484 Thread 0x000001e0fc1bead0 flushing  nmethod 0x000001e082ebca90
Event: 569.484 Thread 0x000001e0fc1bead0 flushing  nmethod 0x000001e082ec8490
Event: 569.484 Thread 0x000001e0fc1bead0 flushing  nmethod 0x000001e082f27810
Event: 569.484 Thread 0x000001e0fc1bead0 flushing  nmethod 0x000001e082fa8610
Event: 569.484 Thread 0x000001e0fc1bead0 flushing  nmethod 0x000001e082fd8690
Event: 569.484 Thread 0x000001e0fc1bead0 flushing  nmethod 0x000001e082ff2a90
Event: 569.484 Thread 0x000001e0fc1bead0 flushing  nmethod 0x000001e083059f10
Event: 569.484 Thread 0x000001e0fc1bead0 flushing  nmethod 0x000001e083061290
Event: 569.484 Thread 0x000001e0fc1bead0 flushing  nmethod 0x000001e083065e90
Event: 569.484 Thread 0x000001e0fc1bead0 flushing  nmethod 0x000001e08306b410
Event: 569.484 Thread 0x000001e0fc1bead0 flushing  nmethod 0x000001e083081290
Event: 569.484 Thread 0x000001e0fc1bead0 flushing  nmethod 0x000001e0830a5d90
Event: 569.484 Thread 0x000001e0fc1bead0 flushing  nmethod 0x000001e0830e2310
Event: 569.484 Thread 0x000001e0fc1bead0 flushing  nmethod 0x000001e0830f5f90
Event: 569.484 Thread 0x000001e0fc1bead0 flushing  nmethod 0x000001e083122490
Event: 569.484 Thread 0x000001e0fc1bead0 flushing  nmethod 0x000001e08313a910
Event: 569.484 Thread 0x000001e0fc1bead0 flushing  nmethod 0x000001e08317d690
Event: 569.484 Thread 0x000001e0fc1bead0 flushing  nmethod 0x000001e08319b510
Event: 569.484 Thread 0x000001e0fc1bead0 flushing  nmethod 0x000001e0831c9f10
Event: 569.484 Thread 0x000001e0fc1bead0 flushing  nmethod 0x000001e0831cb410

Events (20 events):
Event: 824.989 Thread 0x000001e0e6cf7350 Thread exited: 0x000001e0e6cf7350
Event: 856.756 Thread 0x000001e0dcb75b90 Thread exited: 0x000001e0dcb75b90
Event: 865.798 Thread 0x000001e0dcb76220 Thread exited: 0x000001e0dcb76220
Event: 869.396 Thread 0x000001e0dcb76f40 Thread exited: 0x000001e0dcb76f40
Event: 871.955 Thread 0x000001e0dcb72080 Thread exited: 0x000001e0dcb72080
Event: 880.825 Thread 0x000001e0dcb73ac0 Thread exited: 0x000001e0dcb73ac0
Event: 882.654 Thread 0x000001e0dcb70640 Thread exited: 0x000001e0dcb70640
Event: 884.990 Thread 0x000001e0e6cf3ed0 Thread exited: 0x000001e0e6cf3ed0
Event: 944.990 Thread 0x000001e0e6cf3840 Thread exited: 0x000001e0e6cf3840
Event: 1018.945 Thread 0x000001e0e6cf4bf0 Thread exited: 0x000001e0e6cf4bf0
Event: 1989.557 Thread 0x000001e0dbdfa4b0 Thread added: 0x000001e0e6cf3840
Event: 1993.040 Thread 0x000001e0dbdfa4b0 Thread added: 0x000001e0e6cf4bf0
Event: 1993.041 Thread 0x000001e0e6cf4bf0 Thread added: 0x000001e0e6cf5910
Event: 1993.043 Thread 0x000001e0dbdfa4b0 Thread added: 0x000001e0e6cf6cc0
Event: 1993.045 Thread 0x000001e0e6cf4bf0 Thread added: 0x000001e0e6cf7350
Event: 1993.095 Thread 0x000001e0e6cf5910 Thread added: 0x000001e0e6cf3ed0
Event: 1993.095 Thread 0x000001e0e6cf7350 Thread added: 0x000001e0e6cf8d90
Event: 1997.219 Thread 0x000001e0e6cf4bf0 Thread added: 0x000001e0e6cf8700
Event: 1997.219 Thread 0x000001e0e6cf8700 Thread exited: 0x000001e0e6cf8700
Event: 2077.383 Thread 0x000001e0e6cf3840 Thread exited: 0x000001e0e6cf3840


Dynamic libraries:
0x00007ff6efa20000 - 0x00007ff6efa2e000 	c:\Users\user\.vscode\extensions\redhat.java-1.44.0-win32-x64\jre\21.0.8-win32-x86_64\bin\java.exe
0x00007ffd7ed80000 - 0x00007ffd7efe7000 	C:\WINDOWS\SYSTEM32\ntdll.dll
0x00007ffd7d770000 - 0x00007ffd7d839000 	C:\WINDOWS\System32\KERNEL32.DLL
0x00007ffd7c230000 - 0x00007ffd7c620000 	C:\WINDOWS\System32\KERNELBASE.dll
0x00007ffd7c7b0000 - 0x00007ffd7c8fb000 	C:\WINDOWS\System32\ucrtbase.dll
0x00007ffd76900000 - 0x00007ffd7691e000 	c:\Users\user\.vscode\extensions\redhat.java-1.44.0-win32-x64\jre\21.0.8-win32-x86_64\bin\VCRUNTIME140.dll
0x00007ffd76a80000 - 0x00007ffd76a98000 	c:\Users\user\.vscode\extensions\redhat.java-1.44.0-win32-x64\jre\21.0.8-win32-x86_64\bin\jli.dll
0x00007ffd7d3b0000 - 0x00007ffd7d575000 	C:\WINDOWS\System32\USER32.dll
0x00007ffd60e40000 - 0x00007ffd610da000 	C:\WINDOWS\WinSxS\amd64_microsoft.windows.common-controls_6595b64144ccf1df_6.0.26100.4768_none_3e0c112ce331287c\COMCTL32.dll
0x00007ffd7beb0000 - 0x00007ffd7bed7000 	C:\WINDOWS\System32\win32u.dll
0x00007ffd7d300000 - 0x00007ffd7d3a9000 	C:\WINDOWS\System32\msvcrt.dll
0x00007ffd7d640000 - 0x00007ffd7d66b000 	C:\WINDOWS\System32\GDI32.dll
0x00007ffd7bee0000 - 0x00007ffd7c018000 	C:\WINDOWS\System32\gdi32full.dll
0x00007ffd7c900000 - 0x00007ffd7c9a3000 	C:\WINDOWS\System32\msvcp_win.dll
0x00007ffd7cc40000 - 0x00007ffd7cc6f000 	C:\WINDOWS\System32\IMM32.DLL
0x00007ffd768a0000 - 0x00007ffd768ac000 	c:\Users\user\.vscode\extensions\redhat.java-1.44.0-win32-x64\jre\21.0.8-win32-x86_64\bin\vcruntime140_1.dll
0x00007ffd20c90000 - 0x00007ffd20d1d000 	c:\Users\user\.vscode\extensions\redhat.java-1.44.0-win32-x64\jre\21.0.8-win32-x86_64\bin\msvcp140.dll
0x00007ffd03d60000 - 0x00007ffd04af7000 	c:\Users\user\.vscode\extensions\redhat.java-1.44.0-win32-x64\jre\21.0.8-win32-x86_64\bin\server\jvm.dll
0x00007ffd7d580000 - 0x00007ffd7d634000 	C:\WINDOWS\System32\ADVAPI32.dll
0x00007ffd7d940000 - 0x00007ffd7d9e6000 	C:\WINDOWS\System32\sechost.dll
0x00007ffd7cb20000 - 0x00007ffd7cc38000 	C:\WINDOWS\System32\RPCRT4.dll
0x00007ffd7cd40000 - 0x00007ffd7cdb4000 	C:\WINDOWS\System32\WS2_32.dll
0x00007ffd7bd10000 - 0x00007ffd7bd6e000 	C:\WINDOWS\SYSTEM32\POWRPROF.dll
0x00007ffd688c0000 - 0x00007ffd688f5000 	C:\WINDOWS\SYSTEM32\WINMM.dll
0x00007ffd6bc10000 - 0x00007ffd6bc1b000 	C:\WINDOWS\SYSTEM32\VERSION.dll
0x00007ffd7bcf0000 - 0x00007ffd7bd04000 	C:\WINDOWS\SYSTEM32\UMPDC.dll
0x00007ffd7abc0000 - 0x00007ffd7abdb000 	C:\WINDOWS\SYSTEM32\kernel.appcore.dll
0x00007ffd75f90000 - 0x00007ffd75f9a000 	c:\Users\user\.vscode\extensions\redhat.java-1.44.0-win32-x64\jre\21.0.8-win32-x86_64\bin\jimage.dll
0x00007ffd79550000 - 0x00007ffd79791000 	C:\WINDOWS\SYSTEM32\DBGHELP.DLL
0x00007ffd7cdc0000 - 0x00007ffd7d145000 	C:\WINDOWS\System32\combase.dll
0x00007ffd7dde0000 - 0x00007ffd7dec0000 	C:\WINDOWS\System32\OLEAUT32.dll
0x00007ffd6b380000 - 0x00007ffd6b3c3000 	C:\WINDOWS\SYSTEM32\dbgcore.DLL
0x00007ffd7c9b0000 - 0x00007ffd7ca49000 	C:\WINDOWS\System32\bcryptPrimitives.dll
0x00007ffd75e80000 - 0x00007ffd75e8f000 	c:\Users\user\.vscode\extensions\redhat.java-1.44.0-win32-x64\jre\21.0.8-win32-x86_64\bin\instrument.dll
0x00007ffd75e60000 - 0x00007ffd75e7f000 	c:\Users\user\.vscode\extensions\redhat.java-1.44.0-win32-x64\jre\21.0.8-win32-x86_64\bin\java.dll
0x00007ffd7ded0000 - 0x00007ffd7e61d000 	C:\WINDOWS\System32\SHELL32.dll
0x00007ffd7c020000 - 0x00007ffd7c193000 	C:\WINDOWS\System32\wintypes.dll
0x00007ffd79a40000 - 0x00007ffd7a2a0000 	C:\WINDOWS\SYSTEM32\windows.storage.dll
0x00007ffd7d670000 - 0x00007ffd7d765000 	C:\WINDOWS\System32\SHCORE.dll
0x00007ffd7e840000 - 0x00007ffd7e8aa000 	C:\WINDOWS\System32\shlwapi.dll
0x00007ffd7bdd0000 - 0x00007ffd7bdf9000 	C:\WINDOWS\SYSTEM32\profapi.dll
0x00007ffd752f0000 - 0x00007ffd75308000 	c:\Users\user\.vscode\extensions\redhat.java-1.44.0-win32-x64\jre\21.0.8-win32-x86_64\bin\zip.dll
0x00007ffd75cf0000 - 0x00007ffd75d00000 	C:\Users\user\.vscode\extensions\redhat.java-1.44.0-win32-x64\jre\21.0.8-win32-x86_64\bin\net.dll
0x00007ffd72590000 - 0x00007ffd726ae000 	C:\WINDOWS\SYSTEM32\WINHTTP.dll
0x00007ffd7b130000 - 0x00007ffd7b19b000 	C:\WINDOWS\system32\mswsock.dll
0x00007ffd6e8b0000 - 0x00007ffd6e8c6000 	C:\Users\user\.vscode\extensions\redhat.java-1.44.0-win32-x64\jre\21.0.8-win32-x86_64\bin\nio.dll
0x00007ffd75cb0000 - 0x00007ffd75cc0000 	c:\Users\user\.vscode\extensions\redhat.java-1.44.0-win32-x64\jre\21.0.8-win32-x86_64\bin\verify.dll
0x00007ffd4e3f0000 - 0x00007ffd4e435000 	C:\Users\user\AppData\Roaming\Code\User\globalStorage\redhat.java\1.44.0\config_win\org.eclipse.equinox.launcher\org.eclipse.equinox.launcher.win32.win32.x86_64_1.2.1400.v20250730-1736\eclipse_11913.dll
0x00007ffd7d150000 - 0x00007ffd7d2f0000 	C:\WINDOWS\System32\ole32.dll
0x00007ffd7b510000 - 0x00007ffd7b52b000 	C:\WINDOWS\SYSTEM32\CRYPTSP.dll
0x00007ffd7ab20000 - 0x00007ffd7ab5b000 	C:\WINDOWS\system32\rsaenh.dll
0x00007ffd7b1d0000 - 0x00007ffd7b1fb000 	C:\WINDOWS\SYSTEM32\USERENV.dll
0x00007ffd7bda0000 - 0x00007ffd7bdc6000 	C:\WINDOWS\SYSTEM32\bcrypt.dll
0x00007ffd7b370000 - 0x00007ffd7b37c000 	C:\WINDOWS\SYSTEM32\CRYPTBASE.dll
0x00007ffd7a600000 - 0x00007ffd7a633000 	C:\WINDOWS\SYSTEM32\IPHLPAPI.DLL
0x00007ffd7cc80000 - 0x00007ffd7cc8a000 	C:\WINDOWS\System32\NSI.dll
0x00007ffd3d240000 - 0x00007ffd3d289000 	C:\Users\user\AppData\Local\Temp\jna-3599307\jna18060564789876986609.dll
0x00007ffd7cb10000 - 0x00007ffd7cb18000 	C:\WINDOWS\System32\PSAPI.DLL
0x00007ffd72560000 - 0x00007ffd7257f000 	C:\WINDOWS\SYSTEM32\dhcpcsvc6.DLL
0x00007ffd72530000 - 0x00007ffd72555000 	C:\WINDOWS\SYSTEM32\dhcpcsvc.DLL
0x00007ffd6ef40000 - 0x00007ffd6ef4e000 	C:\Users\user\.vscode\extensions\redhat.java-1.44.0-win32-x64\jre\21.0.8-win32-x86_64\bin\sunmscapi.dll
0x00007ffd7c630000 - 0x00007ffd7c7a7000 	C:\WINDOWS\System32\CRYPT32.dll
0x00007ffd7b670000 - 0x00007ffd7b6a0000 	C:\WINDOWS\SYSTEM32\ncrypt.dll
0x00007ffd7b620000 - 0x00007ffd7b65f000 	C:\WINDOWS\SYSTEM32\NTASN1.dll
0x00007ffd7a6a0000 - 0x00007ffd7a7c6000 	C:\WINDOWS\SYSTEM32\DNSAPI.dll
0x00007ffd74f00000 - 0x00007ffd74f0b000 	C:\Windows\System32\rasadhlp.dll
0x00007ffd6daf0000 - 0x00007ffd6db76000 	C:\WINDOWS\System32\fwpuclnt.dll
0x00007ffd6ef30000 - 0x00007ffd6ef39000 	C:\Users\user\.vscode\extensions\redhat.java-1.44.0-win32-x64\jre\21.0.8-win32-x86_64\bin\extnet.dll

JVMTI agents:
c:\Users\user\.vscode\extensions\redhat.java-1.44.0-win32-x64\lombok\lombok-1.18.39-4050.jar path:c:\Users\user\.vscode\extensions\redhat.java-1.44.0-win32-x64\jre\21.0.8-win32-x86_64\bin\instrument.dll, loaded, initialized, instrumentlib options:none

dbghelp: loaded successfully - version: 4.0.5 - missing functions: none
symbol engine: initialized successfully - sym options: 0x614 - pdb path: .;c:\Users\user\.vscode\extensions\redhat.java-1.44.0-win32-x64\jre\21.0.8-win32-x86_64\bin;C:\WINDOWS\SYSTEM32;C:\WINDOWS\WinSxS\amd64_microsoft.windows.common-controls_6595b64144ccf1df_6.0.26100.4768_none_3e0c112ce331287c;c:\Users\user\.vscode\extensions\redhat.java-1.44.0-win32-x64\jre\21.0.8-win32-x86_64\bin\server;C:\Users\user\AppData\Roaming\Code\User\globalStorage\redhat.java\1.44.0\config_win\org.eclipse.equinox.launcher\org.eclipse.equinox.launcher.win32.win32.x86_64_1.2.1400.v20250730-1736;C:\Users\user\AppData\Local\Temp\jna-3599307

VM Arguments:
jvm_args: --add-modules=ALL-SYSTEM --add-opens=java.base/java.util=ALL-UNNAMED --add-opens=java.base/java.lang=ALL-UNNAMED --add-opens=java.base/sun.nio.fs=ALL-UNNAMED -Declipse.application=org.eclipse.jdt.ls.core.id1 -Dosgi.bundles.defaultStartLevel=4 -Declipse.product=org.eclipse.jdt.ls.core.product -Djava.import.generatesMetadataFilesAtProjectRoot=false -DDetectVMInstallationsJob.disabled=true -Dfile.encoding=utf8 -XX:+UseParallelGC -XX:GCTimeRatio=4 -XX:AdaptiveSizePolicyWeight=90 -Dsun.zip.disableMemoryMapping=true -Xmx2G -Xms100m -Xlog:disable -javaagent:c:\Users\user\.vscode\extensions\redhat.java-1.44.0-win32-x64\lombok\lombok-1.18.39-4050.jar -XX:+HeapDumpOnOutOfMemoryError -XX:HeapDumpPath=c:\Users\user\AppData\Roaming\Code\User\workspaceStorage\3d099b14eb374fbb8d3f81b8c8a14d44\redhat.java -Daether.dependencyCollector.impl=bf 
java_command: c:\Users\user\.vscode\extensions\redhat.java-1.44.0-win32-x64\server\plugins\org.eclipse.equinox.launcher_1.7.0.v20250519-0528.jar -configuration c:\Users\user\AppData\Roaming\Code\User\globalStorage\redhat.java\1.44.0\config_win -data c:\Users\user\AppData\Roaming\Code\User\workspaceStorage\3d099b14eb374fbb8d3f81b8c8a14d44\redhat.java\jdt_ws --pipe=\\.\pipe\lsp-8542cca0b2548ef0474d8a4cf4f28142-sock
java_class_path (initial): c:\Users\user\.vscode\extensions\redhat.java-1.44.0-win32-x64\server\plugins\org.eclipse.equinox.launcher_1.7.0.v20250519-0528.jar
Launcher Type: SUN_STANDARD

[Global flags]
    uintx AdaptiveSizePolicyWeight                 = 90                                        {product} {command line}
     intx CICompilerCount                          = 4                                         {product} {ergonomic}
    uintx GCTimeRatio                              = 4                                         {product} {command line}
     bool HeapDumpOnOutOfMemoryError               = true                                   {manageable} {command line}
    ccstr HeapDumpPath                             = c:\Users\user\AppData\Roaming\Code\User\workspaceStorage\3d099b14eb374fbb8d3f81b8c8a14d44\redhat.java         {manageable} {command line}
   size_t InitialHeapSize                          = 104857600                                 {product} {command line}
   size_t MaxHeapSize                              = 2147483648                                {product} {command line}
   size_t MaxNewSize                               = 715653120                                 {product} {ergonomic}
   size_t MinHeapDeltaBytes                        = 524288                                    {product} {ergonomic}
   size_t MinHeapSize                              = 104857600                                 {product} {command line}
   size_t NewSize                                  = 34603008                                  {product} {ergonomic}
    uintx NonNMethodCodeHeapSize                   = 5839372                                {pd product} {ergonomic}
    uintx NonProfiledCodeHeapSize                  = 122909434                              {pd product} {ergonomic}
   size_t OldSize                                  = 70254592                                  {product} {ergonomic}
    uintx ProfiledCodeHeapSize                     = 122909434                              {pd product} {ergonomic}
    uintx ReservedCodeCacheSize                    = 251658240                              {pd product} {ergonomic}
     bool SegmentedCodeCache                       = true                                      {product} {ergonomic}
   size_t SoftMaxHeapSize                          = 2147483648                             {manageable} {ergonomic}
     bool UseCompressedOops                        = true                           {product lp64_product} {ergonomic}
     bool UseLargePagesIndividualAllocation        = false                                  {pd product} {ergonomic}
     bool UseParallelGC                            = true                                      {product} {command line}

Logging:
Log output configuration:
 #0: stdout all=off uptime,level,tags foldmultilines=false
 #1: stderr all=off uptime,level,tags foldmultilines=false

Environment Variables:
JAVA_HOME=C:\Program Files\Java\jdk-21
PATH=C:\Program Files\Java\jdk-21\bin;C:\Program Files\Common Files\Oracle\Java\javapath;C:\Program Files (x86)\Common Files\Oracle\Java\java8path;C:\Program Files (x86)\Common Files\Oracle\Java\javapath;C:\WINDOWS\system32;C:\WINDOWS;C:\WINDOWS\System32\Wbem;C:\WINDOWS\System32\WindowsPowerShell\v1.0\;C:\WINDOWS\System32\OpenSSH\;C:\Program Files\Microsoft SQL Server\Client SDK\ODBC\110\Tools\Binn\;C:\Program Files (x86)\Microsoft SQL Server\120\Tools\Binn\;C:\Program Files\Microsoft SQL Server\120\Tools\Binn\;C:\Program Files\Microsoft SQL Server\120\DTS\Binn\;C:\ProgramData\chocolatey\bin;D:\Git\cmd;C:\Program Files\Java\jdk-20\bin;C:\Program Files\Docker\Docker\resources\bin;C:\Program Files\Microsoft SQL Server\Client SDK\ODBC\170\Tools\Binn\;C:\Program Files\Microsoft SQL Server\150\Tools\Binn\;C:\sqlite3;C:\Program Files (x86)\Microsoft SQL Server\160\Tools\Binn\;C:\Program Files\Microsoft SQL Server\160\Tools\Binn\;C:\Program Files\Microsoft SQL Server\160\DTS\Binn\;C:\Program Files\dotnet\;C:\Python311;C:\ProgramData\ComposerSetup\bin;D:\nodejs\;C:\Program Files\Amazon\AWSCLIV2\;C:\WINDOWS\system32;C:\WINDOWS;C:\WINDOWS\System32\Wbem;C:\WINDOWS\System32\WindowsPowerShell\v1.0\;C:\WINDOWS\System32\OpenSSH\;C:\Program Files\Maven\apache-maven-3.9.10\bin;C:\Users\user\AppData\Local\Programs\Python\Python313\Scripts\;C:\Users\user\AppData\Local\Programs\Python\Python313\;C:\Users\user\AppData\Local\Programs\Python\Launcher\;C:\Users\user\AppData\Local\Microsoft\WindowsApps;C:\Users\user\.dotnet\tools;D:\XAMPP\php;C:\Users\user\AppData\Roaming\Composer\vendor\bin;C:\Users\user\Scripts;C:\Users\user\AppData\Roaming\npm;C:\Users\user\AppData\Local\Programs\Microsoft VS Code\bin
USERNAME=user
OS=Windows_NT
PROCESSOR_IDENTIFIER=Intel64 Family 6 Model 142 Stepping 12, GenuineIntel
TMP=C:\Users\user\AppData\Local\Temp
TEMP=C:\Users\user\AppData\Local\Temp




Periodic native trim disabled

---------------  S Y S T E M  ---------------

OS:
 Windows 11 , 64 bit Build 26100 (10.0.26100.4768)
OS uptime: 3 days 0:45 hours
Hyper-V role detected

CPU: total 8 (initial active 8) (4 cores per cpu, 2 threads per core) family 6 model 142 stepping 12 microcode 0xf4, cx8, cmov, fxsr, ht, mmx, 3dnowpref, sse, sse2, sse3, ssse3, sse4.1, sse4.2, popcnt, lzcnt, tsc, tscinvbit, avx, avx2, aes, erms, clmul, bmi1, bmi2, adx, fma, vzeroupper, clflush, clflushopt, hv, rdtscp, f16c
Processor Information for the first 8 processors :
  Max Mhz: 2112, Current Mhz: 1609, Mhz Limit: 1605

Memory: 4k page, system-wide physical 8025M (534M free)
TotalPageFile size 12121M (AvailPageFile size 2M)
current process WorkingSet (physical memory assigned to process): 899M, peak: 1911M
current process commit charge ("private bytes"): 1116M, peak: 1817M

vm_info: OpenJDK 64-Bit Server VM (21.0.8+9-LTS) for windows-amd64 JRE (21.0.8+9-LTS), built on 2025-07-15T00:00:00Z by "admin" with MS VC++ 17.7 (VS2022)

END.
