#
# There is insufficient memory for the Java Runtime Environment to continue.
# Native memory allocation (malloc) failed to allocate 2201952 bytes. Error detail: Chunk::new
# Possible reasons:
#   The system is out of physical RAM or swap space
#   This process is running with CompressedOops enabled, and the Java Heap may be blocking the growth of the native heap
# Possible solutions:
#   Reduce memory load on the system
#   Increase physical memory or swap space
#   Check if swap backing store is full
#   Decrease Java heap size (-Xmx/-Xms)
#   Decrease number of Java threads
#   Decrease Java thread stack sizes (-Xss)
#   Set larger code cache with -XX:ReservedCodeCacheSize=
#   JVM is running with Unscaled Compressed Oops mode in which the Java heap is
#     placed in the first 4GB address space. The Java Heap base address is the
#     maximum limit for the native heap growth. Please use -XX:HeapBaseMinAddress
#     to set the Java Heap base and to place the Java Heap above 4GB virtual address.
# This output file may be truncated or incomplete.
#
#  Out of Memory Error (arena.cpp:168), pid=13732, tid=4900
#
# JRE version: OpenJDK Runtime Environment Temurin-21.0.8+9 (21.0.8+9) (build 21.0.8+9-LTS)
# Java VM: OpenJDK 64-Bit Server VM Temurin-21.0.8+9 (21.0.8+9-LTS, mixed mode, sharing, tiered, compressed oops, compressed class ptrs, parallel gc, windows-amd64)
# No core dump will be written. Minidumps are not enabled by default on client versions of Windows
#

---------------  S U M M A R Y ------------

Command Line: --add-modules=ALL-SYSTEM --add-opens=java.base/java.util=ALL-UNNAMED --add-opens=java.base/java.lang=ALL-UNNAMED --add-opens=java.base/sun.nio.fs=ALL-UNNAMED -Declipse.application=org.eclipse.jdt.ls.core.id1 -Dosgi.bundles.defaultStartLevel=4 -Declipse.product=org.eclipse.jdt.ls.core.product -Djava.import.generatesMetadataFilesAtProjectRoot=false -DDetectVMInstallationsJob.disabled=true -Dfile.encoding=utf8 -XX:+UseParallelGC -XX:GCTimeRatio=4 -XX:AdaptiveSizePolicyWeight=90 -Dsun.zip.disableMemoryMapping=true -Xmx2G -Xms100m -Xlog:disable -javaagent:c:\Users\user\.vscode\extensions\redhat.java-1.44.0-win32-x64\lombok\lombok-1.18.39-4050.jar -XX:+HeapDumpOnOutOfMemoryError -XX:HeapDumpPath=c:\Users\user\AppData\Roaming\Code\User\workspaceStorage\3d099b14eb374fbb8d3f81b8c8a14d44\redhat.java -Daether.dependencyCollector.impl=bf c:\Users\user\.vscode\extensions\redhat.java-1.44.0-win32-x64\server\plugins\org.eclipse.equinox.launcher_1.7.0.v20250519-0528.jar -configuration c:\Users\user\AppData\Roaming\Code\User\globalStorage\redhat.java\1.44.0\config_win -data c:\Users\user\AppData\Roaming\Code\User\workspaceStorage\3d099b14eb374fbb8d3f81b8c8a14d44\redhat.java\jdt_ws --pipe=\\.\pipe\lsp-a95fe8d99ec688ba760fc0a607597b61-sock

Host: Intel(R) Core(TM) i5-10210U CPU @ 1.60GHz, 8 cores, 7G,  Windows 11 , 64 bit Build 26100 (10.0.26100.4768)
Time: Mon Aug 18 01:31:01 2025 Middle East Daylight Time elapsed time: 63.198310 seconds (0d 0h 1m 3s)

---------------  T H R E A D  ---------------

Current thread (0x00000153646b1100):  JavaThread "C2 CompilerThread0" daemon [_thread_in_native, id=4900, stack(0x00000050d4000000,0x00000050d4100000) (1024K)]


Current CompileTask:
C2:63198 15418       4       org.eclipse.jdt.internal.compiler.classfmt.ModuleInfo::readModuleAttribute (1166 bytes)

Stack: [0x00000050d4000000,0x00000050d4100000]
Native frames: (J=compiled Java code, j=interpreted, Vv=VM code, C=native code)
V  [jvm.dll+0x6d2449]
V  [jvm.dll+0x8ae341]
V  [jvm.dll+0x8b08be]
V  [jvm.dll+0x8b0fa3]
V  [jvm.dll+0x280c96]
V  [jvm.dll+0xc581d]
V  [jvm.dll+0xc5d53]
V  [jvm.dll+0x3b919c]
V  [jvm.dll+0x385315]
V  [jvm.dll+0x38477a]
V  [jvm.dll+0x248ed0]
V  [jvm.dll+0x2484af]
V  [jvm.dll+0x1c89ee]
V  [jvm.dll+0x257d4d]
V  [jvm.dll+0x2562ea]
V  [jvm.dll+0x3f2d16]
V  [jvm.dll+0x857e6b]
V  [jvm.dll+0x6d0b0d]
C  [ucrtbase.dll+0x37b0]
C  [KERNEL32.DLL+0x2e8d7]
C  [ntdll.dll+0x3c34c]


---------------  P R O C E S S  ---------------

Threads class SMR info:
_java_thread_list=0x000001534e783a10, length=70, elements={
0x00000153647249a0, 0x00000153647dd030, 0x00000153647de890, 0x0000015364696a10,
0x0000015364697660, 0x000001536469c680, 0x00000153646a06f0, 0x00000153646b1100,
0x00000153646b41c0, 0x000001537ca174f0, 0x000001537cc577f0, 0x000001537d7e1880,
0x000001537d8207c0, 0x000001537d0bfde0, 0x000001537d4ed870, 0x000001537de36f10,
0x000001537da7aec0, 0x000001537d9e92e0, 0x000001537d9e85c0, 0x000001537d9e8c50,
0x000001537d9e9970, 0x000001537d9ea000, 0x000001537d9e6b80, 0x000001537d9e7210,
0x000001537d9e78a0, 0x000001537d9e7f30, 0x0000015345995a30, 0x0000015345994680,
0x0000015345993960, 0x0000015345992c40, 0x00000153459960c0, 0x0000015345994d10,
0x00000153459953a0, 0x00000153459932d0, 0x0000015345993ff0, 0x000001537fa0ffa0,
0x000001537fa0ebf0, 0x000001537fa0ded0, 0x000001537fa0e560, 0x000001537fa0d1b0,
0x000001537fa10630, 0x000001537fa11350, 0x000001537fa119e0, 0x000001537fa12070,
0x000001537fa14140, 0x000001537fa13420, 0x000001537fa12700, 0x000001537fa12d90,
0x000001537fa13ab0, 0x000001534f24ec30, 0x000001534f24f950, 0x000001534f24ffe0,
0x000001534f250670, 0x000001534f250d00, 0x000001534f24f2c0, 0x000001534f251a20,
0x000001534f24e5a0, 0x000001534f2520b0, 0x000001534f252740, 0x000001534f254ea0,
0x000001534f252dd0, 0x000001534f253460, 0x0000015345e63660, 0x000001534583d260,
0x0000015345e64a10, 0x0000015345e61590, 0x0000015345e66450, 0x0000015345e650a0,
0x0000015345e67800, 0x0000015345e65730
}

Java Threads: ( => current thread )
  0x00000153647249a0 JavaThread "main"                              [_thread_blocked, id=3492, stack(0x00000050d3600000,0x00000050d3700000) (1024K)]
  0x00000153647dd030 JavaThread "Reference Handler"          daemon [_thread_blocked, id=17320, stack(0x00000050d3a00000,0x00000050d3b00000) (1024K)]
  0x00000153647de890 JavaThread "Finalizer"                  daemon [_thread_blocked, id=13500, stack(0x00000050d3b00000,0x00000050d3c00000) (1024K)]
  0x0000015364696a10 JavaThread "Signal Dispatcher"          daemon [_thread_blocked, id=3688, stack(0x00000050d3c00000,0x00000050d3d00000) (1024K)]
  0x0000015364697660 JavaThread "Attach Listener"            daemon [_thread_blocked, id=7916, stack(0x00000050d3d00000,0x00000050d3e00000) (1024K)]
  0x000001536469c680 JavaThread "Service Thread"             daemon [_thread_blocked, id=9616, stack(0x00000050d3e00000,0x00000050d3f00000) (1024K)]
  0x00000153646a06f0 JavaThread "Monitor Deflation Thread"   daemon [_thread_blocked, id=1328, stack(0x00000050d3f00000,0x00000050d4000000) (1024K)]
=>0x00000153646b1100 JavaThread "C2 CompilerThread0"         daemon [_thread_in_native, id=4900, stack(0x00000050d4000000,0x00000050d4100000) (1024K)]
  0x00000153646b41c0 JavaThread "C1 CompilerThread0"         daemon [_thread_blocked, id=3052, stack(0x00000050d4100000,0x00000050d4200000) (1024K)]
  0x000001537ca174f0 JavaThread "Common-Cleaner"             daemon [_thread_blocked, id=8836, stack(0x00000050d4200000,0x00000050d4300000) (1024K)]
  0x000001537cc577f0 JavaThread "Notification Thread"        daemon [_thread_blocked, id=12096, stack(0x00000050d4400000,0x00000050d4500000) (1024K)]
  0x000001537d7e1880 JavaThread "Active Thread: Equinox Container: e490b96e-7448-4734-a038-70faf806f74d"        [_thread_blocked, id=9456, stack(0x00000050d4c00000,0x00000050d4d00000) (1024K)]
  0x000001537d8207c0 JavaThread "Refresh Thread: Equinox Container: e490b96e-7448-4734-a038-70faf806f74d" daemon [_thread_blocked, id=13892, stack(0x00000050d4e00000,0x00000050d4f00000) (1024K)]
  0x000001537d0bfde0 JavaThread "Framework Event Dispatcher: Equinox Container: e490b96e-7448-4734-a038-70faf806f74d" daemon [_thread_blocked, id=1912, stack(0x00000050d4f00000,0x00000050d5000000) (1024K)]
  0x000001537d4ed870 JavaThread "Start Level: Equinox Container: e490b96e-7448-4734-a038-70faf806f74d" daemon [_thread_blocked, id=2736, stack(0x00000050d5000000,0x00000050d5100000) (1024K)]
  0x000001537de36f10 JavaThread "Bundle File Closer"         daemon [_thread_blocked, id=17300, stack(0x00000050d5100000,0x00000050d5200000) (1024K)]
  0x000001537da7aec0 JavaThread "SCR Component Actor"        daemon [_thread_blocked, id=18280, stack(0x00000050d5200000,0x00000050d5300000) (1024K)]
  0x000001537d9e92e0 JavaThread "Worker-JM"                         [_thread_blocked, id=15912, stack(0x00000050d5400000,0x00000050d5500000) (1024K)]
  0x000001537d9e85c0 JavaThread "JNA Cleaner"                daemon [_thread_blocked, id=8280, stack(0x00000050d4300000,0x00000050d4400000) (1024K)]
  0x000001537d9e8c50 JavaThread "Worker-0"                          [_thread_blocked, id=14156, stack(0x00000050d4500000,0x00000050d4600000) (1024K)]
  0x000001537d9e9970 JavaThread "Worker-1"                          [_thread_blocked, id=15044, stack(0x00000050d5500000,0x00000050d5600000) (1024K)]
  0x000001537d9ea000 JavaThread "Worker-2"                          [_thread_blocked, id=5152, stack(0x00000050d5800000,0x00000050d5900000) (1024K)]
  0x000001537d9e6b80 JavaThread "Java indexing"              daemon [_thread_blocked, id=712, stack(0x00000050d5700000,0x00000050d5800000) (1024K)]
  0x000001537d9e7210 JavaThread "Worker-3"                          [_thread_blocked, id=15252, stack(0x00000050d5a00000,0x00000050d5b00000) (1024K)]
  0x000001537d9e78a0 JavaThread "Worker-4"                          [_thread_blocked, id=16492, stack(0x00000050d5e00000,0x00000050d5f00000) (1024K)]
  0x000001537d9e7f30 JavaThread "Worker-5"                          [_thread_blocked, id=18768, stack(0x00000050d5f00000,0x00000050d6000000) (1024K)]
  0x0000015345995a30 JavaThread "Thread-2"                   daemon [_thread_in_native, id=14044, stack(0x00000050d6000000,0x00000050d6100000) (1024K)]
  0x0000015345994680 JavaThread "Thread-3"                   daemon [_thread_in_native, id=9476, stack(0x00000050d6100000,0x00000050d6200000) (1024K)]
  0x0000015345993960 JavaThread "Thread-4"                   daemon [_thread_in_native, id=6936, stack(0x00000050d6200000,0x00000050d6300000) (1024K)]
  0x0000015345992c40 JavaThread "Thread-5"                   daemon [_thread_in_native, id=15924, stack(0x00000050d6300000,0x00000050d6400000) (1024K)]
  0x00000153459960c0 JavaThread "Thread-6"                   daemon [_thread_in_native, id=7192, stack(0x00000050d6400000,0x00000050d6500000) (1024K)]
  0x0000015345994d10 JavaThread "Thread-7"                   daemon [_thread_in_native, id=10472, stack(0x00000050d6500000,0x00000050d6600000) (1024K)]
  0x00000153459953a0 JavaThread "Thread-8"                   daemon [_thread_in_native, id=6032, stack(0x00000050d6600000,0x00000050d6700000) (1024K)]
  0x00000153459932d0 JavaThread "Thread-9"                   daemon [_thread_in_native, id=14024, stack(0x00000050d6700000,0x00000050d6800000) (1024K)]
  0x0000015345993ff0 JavaThread "Thread-10"                  daemon [_thread_in_native, id=17780, stack(0x00000050d6800000,0x00000050d6900000) (1024K)]
  0x000001537fa0ffa0 JavaThread "Worker-6"                          [_thread_blocked, id=10384, stack(0x00000050d6900000,0x00000050d6a00000) (1024K)]
  0x000001537fa0ebf0 JavaThread "pool-2-thread-1"                   [_thread_blocked, id=10568, stack(0x00000050d6a00000,0x00000050d6b00000) (1024K)]
  0x000001537fa0ded0 JavaThread "Worker-7"                          [_thread_blocked, id=14936, stack(0x00000050d6b00000,0x00000050d6c00000) (1024K)]
  0x000001537fa0e560 JavaThread "Worker-8"                          [_thread_blocked, id=18744, stack(0x00000050d6c00000,0x00000050d6d00000) (1024K)]
  0x000001537fa0d1b0 JavaThread "WorkspaceEventsHandler"            [_thread_blocked, id=16068, stack(0x00000050d6d00000,0x00000050d6e00000) (1024K)]
  0x000001537fa10630 JavaThread "pool-1-thread-1"                   [_thread_blocked, id=2908, stack(0x00000050d6e00000,0x00000050d6f00000) (1024K)]
  0x000001537fa11350 JavaThread "LocalFile Deleter"          daemon [_thread_blocked, id=16532, stack(0x00000050d5300000,0x00000050d5400000) (1024K)]
  0x000001537fa119e0 JavaThread "LocalFile Deleter"          daemon [_thread_blocked, id=8164, stack(0x00000050d6f00000,0x00000050d7000000) (1024K)]
  0x000001537fa12070 JavaThread "LocalFile Deleter"          daemon [_thread_blocked, id=4144, stack(0x00000050d7000000,0x00000050d7100000) (1024K)]
  0x000001537fa14140 JavaThread "LocalFile Deleter"          daemon [_thread_blocked, id=3484, stack(0x00000050d7100000,0x00000050d7200000) (1024K)]
  0x000001537fa13420 JavaThread "LocalFile Deleter"          daemon [_thread_blocked, id=6772, stack(0x00000050d7200000,0x00000050d7300000) (1024K)]
  0x000001537fa12700 JavaThread "LocalFile Deleter"          daemon [_thread_blocked, id=3256, stack(0x00000050d7300000,0x00000050d7400000) (1024K)]
  0x000001537fa12d90 JavaThread "LocalFile Deleter"          daemon [_thread_blocked, id=13516, stack(0x00000050d7400000,0x00000050d7500000) (1024K)]
  0x000001537fa13ab0 JavaThread "LocalFile Deleter"          daemon [_thread_blocked, id=7644, stack(0x00000050d7500000,0x00000050d7600000) (1024K)]
  0x000001534f24ec30 JavaThread "Compiler Source File Reader" daemon [_thread_blocked, id=9960, stack(0x00000050d7600000,0x00000050d7700000) (1024K)]
  0x000001534f24f950 JavaThread "Compiler Source File Reader" daemon [_thread_blocked, id=15784, stack(0x00000050d7700000,0x00000050d7800000) (1024K)]
  0x000001534f24ffe0 JavaThread "Compiler Source File Reader" daemon [_thread_blocked, id=15108, stack(0x00000050d7800000,0x00000050d7900000) (1024K)]
  0x000001534f250670 JavaThread "Compiler Source File Reader" daemon [_thread_blocked, id=13704, stack(0x00000050d7900000,0x00000050d7a00000) (1024K)]
  0x000001534f250d00 JavaThread "Compiler Source File Reader" daemon [_thread_blocked, id=12788, stack(0x00000050d7a00000,0x00000050d7b00000) (1024K)]
  0x000001534f24f2c0 JavaThread "Compiler Source File Reader" daemon [_thread_blocked, id=5856, stack(0x00000050d7b00000,0x00000050d7c00000) (1024K)]
  0x000001534f251a20 JavaThread "Compiler Processing Task"   daemon [_thread_blocked, id=16688, stack(0x00000050d7c00000,0x00000050d7d00000) (1024K)]
  0x000001534f24e5a0 JavaThread "Compiler Class File Writer" daemon [_thread_blocked, id=15700, stack(0x00000050d7d00000,0x00000050d7e00000) (1024K)]
  0x000001534f2520b0 JavaThread "Compiler Class File Writer" daemon [_thread_blocked, id=5016, stack(0x00000050d7e00000,0x00000050d7f00000) (1024K)]
  0x000001534f252740 JavaThread "Compiler Class File Writer" daemon [_thread_blocked, id=1260, stack(0x00000050d7f00000,0x00000050d8000000) (1024K)]
  0x000001534f254ea0 JavaThread "Compiler Class File Writer" daemon [_thread_blocked, id=936, stack(0x00000050d8000000,0x00000050d8100000) (1024K)]
  0x000001534f252dd0 JavaThread "Compiler Class File Writer" daemon [_thread_blocked, id=17760, stack(0x00000050d8100000,0x00000050d8200000) (1024K)]
  0x000001534f253460 JavaThread "Compiler Class File Writer" daemon [_thread_blocked, id=17612, stack(0x00000050d8200000,0x00000050d8300000) (1024K)]
  0x0000015345e63660 JavaThread "ForkJoinPool.commonPool-worker-1" daemon [_thread_blocked, id=17256, stack(0x00000050d8400000,0x00000050d8500000) (1024K)]
  0x000001534583d260 JavaThread "C2 CompilerThread1"         daemon [_thread_blocked, id=11460, stack(0x00000050d3500000,0x00000050d3600000) (1024K)]
  0x0000015345e64a10 JavaThread "ForkJoinPool.commonPool-worker-2" daemon [_thread_blocked, id=8428, stack(0x00000050d5900000,0x00000050d5a00000) (1024K)]
  0x0000015345e61590 JavaThread "ForkJoinPool.commonPool-worker-3" daemon [_thread_blocked, id=9972, stack(0x00000050d8300000,0x00000050d8400000) (1024K)]
  0x0000015345e66450 JavaThread "ForkJoinPool.commonPool-worker-4" daemon [_thread_blocked, id=11672, stack(0x00000050d8500000,0x00000050d8600000) (1024K)]
  0x0000015345e650a0 JavaThread "ForkJoinPool.commonPool-worker-6" daemon [_thread_blocked, id=1228, stack(0x00000050d8600000,0x00000050d8700000) (1024K)]
  0x0000015345e67800 JavaThread "ForkJoinPool.commonPool-worker-5" daemon [_thread_blocked, id=7816, stack(0x00000050d8700000,0x00000050d8800000) (1024K)]
  0x0000015345e65730 JavaThread "ForkJoinPool.commonPool-worker-7" daemon [_thread_blocked, id=10268, stack(0x00000050d8800000,0x00000050d8900000) (1024K)]
Total: 70

Other Threads:
  0x00000153647bead0 VMThread "VM Thread"                           [id=2624, stack(0x00000050d3900000,0x00000050d3a00000) (1024K)]
  0x00000153645aca00 WatcherThread "VM Periodic Task Thread"        [id=17512, stack(0x00000050d3800000,0x00000050d3900000) (1024K)]
  0x0000015364742d30 WorkerThread "GC Thread#0"                     [id=10196, stack(0x00000050d3700000,0x00000050d3800000) (1024K)]
  0x000001537cc7d0e0 WorkerThread "GC Thread#1"                     [id=8996, stack(0x00000050d4600000,0x00000050d4700000) (1024K)]
  0x000001537cc7d480 WorkerThread "GC Thread#2"                     [id=1416, stack(0x00000050d4700000,0x00000050d4800000) (1024K)]
  0x000001537cc7d820 WorkerThread "GC Thread#3"                     [id=1520, stack(0x00000050d4800000,0x00000050d4900000) (1024K)]
  0x000001537d572520 WorkerThread "GC Thread#4"                     [id=10652, stack(0x00000050d4900000,0x00000050d4a00000) (1024K)]
  0x000001537d5728c0 WorkerThread "GC Thread#5"                     [id=4320, stack(0x00000050d4a00000,0x00000050d4b00000) (1024K)]
  0x000001537d572c60 WorkerThread "GC Thread#6"                     [id=12640, stack(0x00000050d4b00000,0x00000050d4c00000) (1024K)]
  0x000001537d820020 WorkerThread "GC Thread#7"                     [id=18600, stack(0x00000050d4d00000,0x00000050d4e00000) (1024K)]
Total: 10

Threads with active compile tasks:
C2 CompilerThread0  63233 15418       4       org.eclipse.jdt.internal.compiler.classfmt.ModuleInfo::readModuleAttribute (1166 bytes)
Total: 1

VM state: not at safepoint (normal execution)

VM Mutex/Monitor currently owned by a thread: None

Heap address: 0x0000000080000000, size: 2048 MB, Compressed Oops mode: 32-bit

CDS archive(s) mapped at: [0x0000015300000000-0x0000015300ba0000-0x0000015300ba0000), size 12189696, SharedBaseAddress: 0x0000015300000000, ArchiveRelocationMode: 1.
Compressed class space mapped at: 0x0000015301000000-0x0000015341000000, reserved size: 1073741824
Narrow klass base: 0x0000015300000000, Narrow klass shift: 0, Narrow klass range: 0x100000000

GC Precious Log:
 CardTable entry size: 512
 CPUs: 8 total, 8 available
 Memory: 8025M
 Large Page Support: Disabled
 NUMA Support: Disabled
 Compressed Oops: Enabled (32-bit)
 Alignments: Space 512K, Generation 512K, Heap 2M
 Heap Min Capacity: 100M
 Heap Initial Capacity: 100M
 Heap Max Capacity: 2G
 Pre-touch: Disabled
 Parallel Workers: 8

Heap:
 PSYoungGen      total 3072K, used 1444K [0x00000000d5580000, 0x00000000d5a00000, 0x0000000100000000)
  eden space 2560K, 47% used [0x00000000d5580000,0x00000000d56b13a8,0x00000000d5800000)
  from space 512K, 43% used [0x00000000d5980000,0x00000000d59b8000,0x00000000d5a00000)
  to   space 512K, 0% used [0x00000000d5900000,0x00000000d5900000,0x00000000d5980000)
 ParOldGen       total 824320K, used 824026K [0x0000000080000000, 0x00000000b2500000, 0x00000000d5580000)
  object space 824320K, 99% used [0x0000000080000000,0x00000000b24b6af0,0x00000000b2500000)
 Metaspace       used 68295K, committed 69888K, reserved 1114112K
  class space    used 6996K, committed 7680K, reserved 1048576K

Card table byte_map: [0x00000153640c0000,0x00000153644d0000] _byte_map_base: 0x0000015363cc0000

Marking Bits: (ParMarkBitMap*) 0x00007ffd04a1a340
 Begin Bits: [0x0000015376bc0000, 0x0000015378bc0000)
 End Bits:   [0x0000015378bc0000, 0x000001537abc0000)

Polling page: 0x0000015362540000

Metaspace:

Usage:
  Non-class:     59.86 MB used.
      Class:      6.83 MB used.
       Both:     66.69 MB used.

Virtual space:
  Non-class space:       64.00 MB reserved,      60.75 MB ( 95%) committed,  1 nodes.
      Class space:        1.00 GB reserved,       7.50 MB ( <1%) committed,  1 nodes.
             Both:        1.06 GB reserved,      68.25 MB (  6%) committed. 

Chunk freelists:
   Non-Class:  2.33 MB
       Class:  8.32 MB
        Both:  10.65 MB

MaxMetaspaceSize: unlimited
CompressedClassSpaceSize: 1.00 GB
Initial GC threshold: 21.00 MB
Current GC threshold: 97.31 MB
CDS: on
 - commit_granule_bytes: 65536.
 - commit_granule_words: 8192.
 - virtual_space_node_default_size: 8388608.
 - enlarge_chunks_in_place: 1.
 - use_allocation_guard: 0.


Internal statistics:

num_allocs_failed_limit: 9.
num_arena_births: 1346.
num_arena_deaths: 14.
num_vsnodes_births: 2.
num_vsnodes_deaths: 0.
num_space_committed: 1092.
num_space_uncommitted: 0.
num_chunks_returned_to_freelist: 23.
num_chunks_taken_from_freelist: 4666.
num_chunk_merges: 15.
num_chunk_splits: 2832.
num_chunks_enlarged: 1566.
num_inconsistent_stats: 0.

CodeHeap 'non-profiled nmethods': size=120000Kb used=12074Kb max_used=12074Kb free=107925Kb
 bounds [0x000001536f3e0000, 0x000001536ffb0000, 0x0000015376910000]
CodeHeap 'profiled nmethods': size=120000Kb used=34235Kb max_used=34235Kb free=85764Kb
 bounds [0x0000015367910000, 0x0000015369a80000, 0x000001536ee40000]
CodeHeap 'non-nmethods': size=5760Kb used=1447Kb max_used=1581Kb free=4312Kb
 bounds [0x000001536ee40000, 0x000001536f0b0000, 0x000001536f3e0000]
CodeCache: size=245760Kb, used=47756Kb, max_used=47890Kb, free=198001Kb
 total_blobs=15355, nmethods=14598, adapters=660, full_count=0
Compilation: enabled, stopped_count=0, restarted_count=0

Compilation events (20 events):
Event: 61.965 Thread 0x00000153646b41c0 nmethod 15424 0x0000015369a78c90 code [0x0000015369a78ea0, 0x0000015369a794b0]
Event: 61.965 Thread 0x00000153646b41c0 15426   !   3       org.eclipse.jdt.ls.core.internal.ConnectionStreamFactory$NamedPipeOutputStream::write (130 bytes)
Event: 61.966 Thread 0x00000153646b41c0 nmethod 15426 0x0000015369a79690 code [0x0000015369a798c0, 0x0000015369a79fc0]
Event: 61.966 Thread 0x00000153646b41c0 15425       3       com.google.gson.internal.bind.TypeAdapters$15::write (7 bytes)
Event: 61.966 Thread 0x000001534583d260 nmethod 15417 0x000001536ffaa110 code [0x000001536ffaa2c0, 0x000001536ffaa698]
Event: 61.966 Thread 0x000001534583d260 15429       4       java.lang.Thread::onSpinWait (1 bytes)
Event: 61.966 Thread 0x00000153646b41c0 nmethod 15425 0x0000015369a7a290 code [0x0000015369a7a4a0, 0x0000015369a7a940]
Event: 61.966 Thread 0x00000153646b41c0 15427   !   3       jdk.internal.ref.Cleaner::clean (35 bytes)
Event: 61.966 Thread 0x000001534583d260 nmethod 15429 0x000001536ffaa890 code [0x000001536ffaaa00, 0x000001536ffaaa68]
Event: 61.967 Thread 0x00000153646b41c0 nmethod 15427 0x0000015369a7ab10 code [0x0000015369a7ad40, 0x0000015369a7b330]
Event: 61.967 Thread 0x00000153646b41c0 15428   !   3       java.nio.DirectByteBuffer::<init> (171 bytes)
Event: 61.968 Thread 0x00000153646b41c0 nmethod 15428 0x0000015369a7b590 code [0x0000015369a7b880, 0x0000015369a7c6e0]
Event: 62.060 Thread 0x00000153646b41c0 15430       3       sun.nio.ch.Util::free (13 bytes)
Event: 62.060 Thread 0x00000153646b41c0 nmethod 15430 0x0000015369a7cd90 code [0x0000015369a7cf60, 0x0000015369a7d258]
Event: 62.060 Thread 0x00000153646b41c0 15431   !   3       java.util.concurrent.locks.LockSupport::park (47 bytes)
Event: 62.061 Thread 0x00000153646b41c0 nmethod 15431 0x0000015369a7d390 code [0x0000015369a7d580, 0x0000015369a7d978]
Event: 62.061 Thread 0x00000153646b41c0 15432   !   3       org.eclipse.core.internal.jobs.LockManager::removeLockThread (53 bytes)
Event: 62.061 Thread 0x00000153646b41c0 nmethod 15432 0x0000015369a7db10 code [0x0000015369a7dd20, 0x0000015369a7e188]
Event: 62.061 Thread 0x00000153646b41c0 15433       3       java.util.concurrent.locks.AbstractQueuedSynchronizer::signalNextIfShared (41 bytes)
Event: 62.062 Thread 0x00000153646b41c0 nmethod 15433 0x0000015369a7e410 code [0x0000015369a7e620, 0x0000015369a7ebd0]

GC Heap History (20 events):
Event: 59.461 GC heap before
{Heap before GC invocations=1294 (full 3):
 PSYoungGen      total 3584K, used 3573K [0x00000000d5580000, 0x00000000d5c80000, 0x0000000100000000)
  eden space 1536K, 100% used [0x00000000d5580000,0x00000000d5700000,0x00000000d5700000)
  from space 2048K, 99% used [0x00000000d5980000,0x00000000d5b7d7e0,0x00000000d5b80000)
  to   space 2560K, 0% used [0x00000000d5700000,0x00000000d5700000,0x00000000d5980000)
 ParOldGen       total 815616K, used 815253K [0x0000000080000000, 0x00000000b1c80000, 0x00000000d5580000)
  object space 815616K, 99% used [0x0000000080000000,0x00000000b1c25658,0x00000000b1c80000)
 Metaspace       used 68220K, committed 69824K, reserved 1114112K
  class space    used 6993K, committed 7680K, reserved 1048576K
}
Event: 59.464 GC heap after
{Heap after GC invocations=1294 (full 3):
 PSYoungGen      total 3072K, used 1536K [0x00000000d5580000, 0x00000000d5b00000, 0x0000000100000000)
  eden space 1536K, 0% used [0x00000000d5580000,0x00000000d5580000,0x00000000d5700000)
  from space 1536K, 100% used [0x00000000d5700000,0x00000000d5880000,0x00000000d5880000)
  to   space 2048K, 0% used [0x00000000d5900000,0x00000000d5900000,0x00000000d5b00000)
 ParOldGen       total 817664K, used 817180K [0x0000000080000000, 0x00000000b1e80000, 0x00000000d5580000)
  object space 817664K, 99% used [0x0000000080000000,0x00000000b1e07038,0x00000000b1e80000)
 Metaspace       used 68220K, committed 69824K, reserved 1114112K
  class space    used 6993K, committed 7680K, reserved 1048576K
}
Event: 59.475 GC heap before
{Heap before GC invocations=1295 (full 3):
 PSYoungGen      total 3072K, used 3072K [0x00000000d5580000, 0x00000000d5b00000, 0x0000000100000000)
  eden space 1536K, 100% used [0x00000000d5580000,0x00000000d5700000,0x00000000d5700000)
  from space 1536K, 100% used [0x00000000d5700000,0x00000000d5880000,0x00000000d5880000)
  to   space 2048K, 0% used [0x00000000d5900000,0x00000000d5900000,0x00000000d5b00000)
 ParOldGen       total 817664K, used 817180K [0x0000000080000000, 0x00000000b1e80000, 0x00000000d5580000)
  object space 817664K, 99% used [0x0000000080000000,0x00000000b1e07038,0x00000000b1e80000)
 Metaspace       used 68221K, committed 69824K, reserved 1114112K
  class space    used 6993K, committed 7680K, reserved 1048576K
}
Event: 59.478 GC heap after
{Heap after GC invocations=1295 (full 3):
 PSYoungGen      total 3584K, used 1504K [0x00000000d5580000, 0x00000000d5b00000, 0x0000000100000000)
  eden space 1536K, 0% used [0x00000000d5580000,0x00000000d5580000,0x00000000d5700000)
  from space 2048K, 73% used [0x00000000d5900000,0x00000000d5a78000,0x00000000d5b00000)
  to   space 2048K, 0% used [0x00000000d5700000,0x00000000d5700000,0x00000000d5900000)
 ParOldGen       total 818688K, used 818605K [0x0000000080000000, 0x00000000b1f80000, 0x00000000d5580000)
  object space 818688K, 99% used [0x0000000080000000,0x00000000b1f6b738,0x00000000b1f80000)
 Metaspace       used 68221K, committed 69824K, reserved 1114112K
  class space    used 6993K, committed 7680K, reserved 1048576K
}
Event: 59.484 GC heap before
{Heap before GC invocations=1296 (full 3):
 PSYoungGen      total 3584K, used 3040K [0x00000000d5580000, 0x00000000d5b00000, 0x0000000100000000)
  eden space 1536K, 100% used [0x00000000d5580000,0x00000000d5700000,0x00000000d5700000)
  from space 2048K, 73% used [0x00000000d5900000,0x00000000d5a78000,0x00000000d5b00000)
  to   space 2048K, 0% used [0x00000000d5700000,0x00000000d5700000,0x00000000d5900000)
 ParOldGen       total 818688K, used 818605K [0x0000000080000000, 0x00000000b1f80000, 0x00000000d5580000)
  object space 818688K, 99% used [0x0000000080000000,0x00000000b1f6b738,0x00000000b1f80000)
 Metaspace       used 68221K, committed 69824K, reserved 1114112K
  class space    used 6993K, committed 7680K, reserved 1048576K
}
Event: 59.488 GC heap after
{Heap after GC invocations=1296 (full 3):
 PSYoungGen      total 3584K, used 1504K [0x00000000d5580000, 0x00000000d5a80000, 0x0000000100000000)
  eden space 1536K, 0% used [0x00000000d5580000,0x00000000d5580000,0x00000000d5700000)
  from space 2048K, 73% used [0x00000000d5700000,0x00000000d5878000,0x00000000d5900000)
  to   space 1536K, 0% used [0x00000000d5900000,0x00000000d5900000,0x00000000d5a80000)
 ParOldGen       total 820224K, used 820034K [0x0000000080000000, 0x00000000b2100000, 0x00000000d5580000)
  object space 820224K, 99% used [0x0000000080000000,0x00000000b20d0b18,0x00000000b2100000)
 Metaspace       used 68221K, committed 69824K, reserved 1114112K
  class space    used 6993K, committed 7680K, reserved 1048576K
}
Event: 59.492 GC heap before
{Heap before GC invocations=1297 (full 3):
 PSYoungGen      total 3584K, used 3040K [0x00000000d5580000, 0x00000000d5a80000, 0x0000000100000000)
  eden space 1536K, 100% used [0x00000000d5580000,0x00000000d5700000,0x00000000d5700000)
  from space 2048K, 73% used [0x00000000d5700000,0x00000000d5878000,0x00000000d5900000)
  to   space 1536K, 0% used [0x00000000d5900000,0x00000000d5900000,0x00000000d5a80000)
 ParOldGen       total 820224K, used 820034K [0x0000000080000000, 0x00000000b2100000, 0x00000000d5580000)
  object space 820224K, 99% used [0x0000000080000000,0x00000000b20d0b18,0x00000000b2100000)
 Metaspace       used 68221K, committed 69824K, reserved 1114112K
  class space    used 6993K, committed 7680K, reserved 1048576K
}
Event: 59.495 GC heap after
{Heap after GC invocations=1297 (full 3):
 PSYoungGen      total 3584K, used 1440K [0x00000000d5580000, 0x00000000d5a80000, 0x0000000100000000)
  eden space 2048K, 0% used [0x00000000d5580000,0x00000000d5580000,0x00000000d5780000)
  from space 1536K, 93% used [0x00000000d5900000,0x00000000d5a68000,0x00000000d5a80000)
  to   space 1536K, 0% used [0x00000000d5780000,0x00000000d5780000,0x00000000d5900000)
 ParOldGen       total 821760K, used 821415K [0x0000000080000000, 0x00000000b2280000, 0x00000000d5580000)
  object space 821760K, 99% used [0x0000000080000000,0x00000000b2229df0,0x00000000b2280000)
 Metaspace       used 68221K, committed 69824K, reserved 1114112K
  class space    used 6993K, committed 7680K, reserved 1048576K
}
Event: 60.557 GC heap before
{Heap before GC invocations=1298 (full 3):
 PSYoungGen      total 3584K, used 3486K [0x00000000d5580000, 0x00000000d5a80000, 0x0000000100000000)
  eden space 2048K, 99% used [0x00000000d5580000,0x00000000d577f8b0,0x00000000d5780000)
  from space 1536K, 93% used [0x00000000d5900000,0x00000000d5a68000,0x00000000d5a80000)
  to   space 1536K, 0% used [0x00000000d5780000,0x00000000d5780000,0x00000000d5900000)
 ParOldGen       total 821760K, used 821415K [0x0000000080000000, 0x00000000b2280000, 0x00000000d5580000)
  object space 821760K, 99% used [0x0000000080000000,0x00000000b2229df0,0x00000000b2280000)
 Metaspace       used 68261K, committed 69824K, reserved 1114112K
  class space    used 6995K, committed 7680K, reserved 1048576K
}
Event: 61.560 GC heap after
{Heap after GC invocations=1298 (full 3):
 PSYoungGen      total 3584K, used 1126K [0x00000000d5580000, 0x00000000d5b00000, 0x0000000100000000)
  eden space 2048K, 0% used [0x00000000d5580000,0x00000000d5580000,0x00000000d5780000)
  from space 1536K, 73% used [0x00000000d5780000,0x00000000d5899bb8,0x00000000d5900000)
  to   space 1536K, 0% used [0x00000000d5980000,0x00000000d5980000,0x00000000d5b00000)
 ParOldGen       total 823296K, used 822815K [0x0000000080000000, 0x00000000b2400000, 0x00000000d5580000)
  object space 823296K, 99% used [0x0000000080000000,0x00000000b2387df0,0x00000000b2400000)
 Metaspace       used 68261K, committed 69824K, reserved 1114112K
  class space    used 6995K, committed 7680K, reserved 1048576K
}
Event: 61.595 GC heap before
{Heap before GC invocations=1299 (full 3):
 PSYoungGen      total 3584K, used 3171K [0x00000000d5580000, 0x00000000d5b00000, 0x0000000100000000)
  eden space 2048K, 99% used [0x00000000d5580000,0x00000000d577f098,0x00000000d5780000)
  from space 1536K, 73% used [0x00000000d5780000,0x00000000d5899bb8,0x00000000d5900000)
  to   space 1536K, 0% used [0x00000000d5980000,0x00000000d5980000,0x00000000d5b00000)
 ParOldGen       total 823296K, used 822815K [0x0000000080000000, 0x00000000b2400000, 0x00000000d5580000)
  object space 823296K, 99% used [0x0000000080000000,0x00000000b2387df0,0x00000000b2400000)
 Metaspace       used 68261K, committed 69824K, reserved 1114112K
  class space    used 6995K, committed 7680K, reserved 1048576K
}
Event: 61.597 GC heap after
{Heap after GC invocations=1299 (full 3):
 PSYoungGen      total 3072K, used 256K [0x00000000d5580000, 0x00000000d5a00000, 0x0000000100000000)
  eden space 2560K, 0% used [0x00000000d5580000,0x00000000d5580000,0x00000000d5800000)
  from space 512K, 50% used [0x00000000d5980000,0x00000000d59c0020,0x00000000d5a00000)
  to   space 1024K, 0% used [0x00000000d5800000,0x00000000d5800000,0x00000000d5900000)
 ParOldGen       total 823808K, used 823778K [0x0000000080000000, 0x00000000b2480000, 0x00000000d5580000)
  object space 823808K, 99% used [0x0000000080000000,0x00000000b2478ad0,0x00000000b2480000)
 Metaspace       used 68261K, committed 69824K, reserved 1114112K
  class space    used 6995K, committed 7680K, reserved 1048576K
}
Event: 61.609 GC heap before
{Heap before GC invocations=1300 (full 3):
 PSYoungGen      total 3072K, used 2219K [0x00000000d5580000, 0x00000000d5a00000, 0x0000000100000000)
  eden space 2560K, 76% used [0x00000000d5580000,0x00000000d576ad28,0x00000000d5800000)
  from space 512K, 50% used [0x00000000d5980000,0x00000000d59c0020,0x00000000d5a00000)
  to   space 1024K, 0% used [0x00000000d5800000,0x00000000d5800000,0x00000000d5900000)
 ParOldGen       total 823808K, used 823778K [0x0000000080000000, 0x00000000b2480000, 0x00000000d5580000)
  object space 823808K, 99% used [0x0000000080000000,0x00000000b2478ad0,0x00000000b2480000)
 Metaspace       used 68261K, committed 69824K, reserved 1114112K
  class space    used 6995K, committed 7680K, reserved 1048576K
}
Event: 61.610 GC heap after
{Heap after GC invocations=1300 (full 3):
 PSYoungGen      total 3584K, used 224K [0x00000000d5580000, 0x00000000d5a00000, 0x0000000100000000)
  eden space 2560K, 0% used [0x00000000d5580000,0x00000000d5580000,0x00000000d5800000)
  from space 1024K, 21% used [0x00000000d5800000,0x00000000d5838000,0x00000000d5900000)
  to   space 512K, 0% used [0x00000000d5980000,0x00000000d5980000,0x00000000d5a00000)
 ParOldGen       total 824320K, used 823890K [0x0000000080000000, 0x00000000b2500000, 0x00000000d5580000)
  object space 824320K, 99% used [0x0000000080000000,0x00000000b2494af0,0x00000000b2500000)
 Metaspace       used 68261K, committed 69824K, reserved 1114112K
  class space    used 6995K, committed 7680K, reserved 1048576K
}
Event: 61.641 GC heap before
{Heap before GC invocations=1301 (full 3):
 PSYoungGen      total 3584K, used 2784K [0x00000000d5580000, 0x00000000d5a00000, 0x0000000100000000)
  eden space 2560K, 100% used [0x00000000d5580000,0x00000000d5800000,0x00000000d5800000)
  from space 1024K, 21% used [0x00000000d5800000,0x00000000d5838000,0x00000000d5900000)
  to   space 512K, 0% used [0x00000000d5980000,0x00000000d5980000,0x00000000d5a00000)
 ParOldGen       total 824320K, used 823890K [0x0000000080000000, 0x00000000b2500000, 0x00000000d5580000)
  object space 824320K, 99% used [0x0000000080000000,0x00000000b2494af0,0x00000000b2500000)
 Metaspace       used 68262K, committed 69824K, reserved 1114112K
  class space    used 6995K, committed 7680K, reserved 1048576K
}
Event: 61.642 GC heap after
{Heap after GC invocations=1301 (full 3):
 PSYoungGen      total 3072K, used 301K [0x00000000d5580000, 0x00000000d5a00000, 0x0000000100000000)
  eden space 2560K, 0% used [0x00000000d5580000,0x00000000d5580000,0x00000000d5800000)
  from space 512K, 58% used [0x00000000d5980000,0x00000000d59cb770,0x00000000d5a00000)
  to   space 512K, 0% used [0x00000000d5900000,0x00000000d5900000,0x00000000d5980000)
 ParOldGen       total 824320K, used 823922K [0x0000000080000000, 0x00000000b2500000, 0x00000000d5580000)
  object space 824320K, 99% used [0x0000000080000000,0x00000000b249caf0,0x00000000b2500000)
 Metaspace       used 68262K, committed 69824K, reserved 1114112K
  class space    used 6995K, committed 7680K, reserved 1048576K
}
Event: 61.690 GC heap before
{Heap before GC invocations=1302 (full 3):
 PSYoungGen      total 3072K, used 2861K [0x00000000d5580000, 0x00000000d5a00000, 0x0000000100000000)
  eden space 2560K, 100% used [0x00000000d5580000,0x00000000d5800000,0x00000000d5800000)
  from space 512K, 58% used [0x00000000d5980000,0x00000000d59cb770,0x00000000d5a00000)
  to   space 512K, 0% used [0x00000000d5900000,0x00000000d5900000,0x00000000d5980000)
 ParOldGen       total 824320K, used 823922K [0x0000000080000000, 0x00000000b2500000, 0x00000000d5580000)
  object space 824320K, 99% used [0x0000000080000000,0x00000000b249caf0,0x00000000b2500000)
 Metaspace       used 68262K, committed 69824K, reserved 1114112K
  class space    used 6995K, committed 7680K, reserved 1048576K
}
Event: 61.692 GC heap after
{Heap after GC invocations=1302 (full 3):
 PSYoungGen      total 3072K, used 224K [0x00000000d5580000, 0x00000000d5a00000, 0x0000000100000000)
  eden space 2560K, 0% used [0x00000000d5580000,0x00000000d5580000,0x00000000d5800000)
  from space 512K, 43% used [0x00000000d5900000,0x00000000d5938000,0x00000000d5980000)
  to   space 512K, 0% used [0x00000000d5980000,0x00000000d5980000,0x00000000d5a00000)
 ParOldGen       total 824320K, used 823970K [0x0000000080000000, 0x00000000b2500000, 0x00000000d5580000)
  object space 824320K, 99% used [0x0000000080000000,0x00000000b24a8af0,0x00000000b2500000)
 Metaspace       used 68262K, committed 69824K, reserved 1114112K
  class space    used 6995K, committed 7680K, reserved 1048576K
}
Event: 61.908 GC heap before
{Heap before GC invocations=1303 (full 3):
 PSYoungGen      total 3072K, used 2783K [0x00000000d5580000, 0x00000000d5a00000, 0x0000000100000000)
  eden space 2560K, 99% used [0x00000000d5580000,0x00000000d57fffa8,0x00000000d5800000)
  from space 512K, 43% used [0x00000000d5900000,0x00000000d5938000,0x00000000d5980000)
  to   space 512K, 0% used [0x00000000d5980000,0x00000000d5980000,0x00000000d5a00000)
 ParOldGen       total 824320K, used 823970K [0x0000000080000000, 0x00000000b2500000, 0x00000000d5580000)
  object space 824320K, 99% used [0x0000000080000000,0x00000000b24a8af0,0x00000000b2500000)
 Metaspace       used 68267K, committed 69824K, reserved 1114112K
  class space    used 6995K, committed 7680K, reserved 1048576K
}
Event: 61.909 GC heap after
{Heap after GC invocations=1303 (full 3):
 PSYoungGen      total 3072K, used 224K [0x00000000d5580000, 0x00000000d5a00000, 0x0000000100000000)
  eden space 2560K, 0% used [0x00000000d5580000,0x00000000d5580000,0x00000000d5800000)
  from space 512K, 43% used [0x00000000d5980000,0x00000000d59b8000,0x00000000d5a00000)
  to   space 512K, 0% used [0x00000000d5900000,0x00000000d5900000,0x00000000d5980000)
 ParOldGen       total 824320K, used 824026K [0x0000000080000000, 0x00000000b2500000, 0x00000000d5580000)
  object space 824320K, 99% used [0x0000000080000000,0x00000000b24b6af0,0x00000000b2500000)
 Metaspace       used 68267K, committed 69824K, reserved 1114112K
  class space    used 6995K, committed 7680K, reserved 1048576K
}

Dll operation events (10 events):
Event: 0.015 Loaded shared library c:\Users\user\.vscode\extensions\redhat.java-1.44.0-win32-x64\jre\21.0.8-win32-x86_64\bin\java.dll
Event: 0.044 Loaded shared library c:\Users\user\.vscode\extensions\redhat.java-1.44.0-win32-x64\jre\21.0.8-win32-x86_64\bin\zip.dll
Event: 0.120 Loaded shared library C:\Users\user\.vscode\extensions\redhat.java-1.44.0-win32-x64\jre\21.0.8-win32-x86_64\bin\instrument.dll
Event: 0.126 Loaded shared library C:\Users\user\.vscode\extensions\redhat.java-1.44.0-win32-x64\jre\21.0.8-win32-x86_64\bin\net.dll
Event: 0.128 Loaded shared library C:\Users\user\.vscode\extensions\redhat.java-1.44.0-win32-x64\jre\21.0.8-win32-x86_64\bin\nio.dll
Event: 0.132 Loaded shared library C:\Users\user\.vscode\extensions\redhat.java-1.44.0-win32-x64\jre\21.0.8-win32-x86_64\bin\zip.dll
Event: 0.155 Loaded shared library C:\Users\user\.vscode\extensions\redhat.java-1.44.0-win32-x64\jre\21.0.8-win32-x86_64\bin\jimage.dll
Event: 0.264 Loaded shared library c:\Users\user\.vscode\extensions\redhat.java-1.44.0-win32-x64\jre\21.0.8-win32-x86_64\bin\verify.dll
Event: 1.512 Loaded shared library C:\Users\user\AppData\Roaming\Code\User\globalStorage\redhat.java\1.44.0\config_win\org.eclipse.equinox.launcher\org.eclipse.equinox.launcher.win32.win32.x86_64_1.2.1400.v20250730-1736\eclipse_11913.dll
Event: 3.167 Loaded shared library C:\Users\user\AppData\Local\Temp\jna-3599307\jna13586120269865082183.dll

Deoptimization events (20 events):
Event: 59.513 Thread 0x0000015345e65730 DEOPT PACKING pc=0x000001536f69c9a4 sp=0x00000050d88fe5d0
Event: 59.513 Thread 0x0000015345e65730 DEOPT UNPACKING pc=0x000001536ee93aa2 sp=0x00000050d88fe560 mode 2
Event: 61.562 Thread 0x0000015345e65730 Uncommon trap: trap_request=0xffffffd6 fr.pc=0x000001536ff19490 relative=0x0000000000007950
Event: 61.562 Thread 0x0000015345e65730 Uncommon trap: reason=array_check action=maybe_recompile pc=0x000001536ff19490 method=org.eclipse.jdt.internal.compiler.classfmt.ModuleInfo.readModuleAttribute(I)V @ 1029 c2
Event: 61.562 Thread 0x0000015345e65730 DEOPT PACKING pc=0x000001536ff19490 sp=0x00000050d88fd850
Event: 61.562 Thread 0x0000015345e65730 DEOPT UNPACKING pc=0x000001536ee93aa2 sp=0x00000050d88fd7f8 mode 2
Event: 61.565 Thread 0x0000015345e65730 Uncommon trap: trap_request=0xffffffd6 fr.pc=0x000001536ff19490 relative=0x0000000000007950
Event: 61.565 Thread 0x0000015345e65730 Uncommon trap: reason=array_check action=maybe_recompile pc=0x000001536ff19490 method=org.eclipse.jdt.internal.compiler.classfmt.ModuleInfo.readModuleAttribute(I)V @ 1029 c2
Event: 61.565 Thread 0x0000015345e65730 DEOPT PACKING pc=0x000001536ff19490 sp=0x00000050d88fd790
Event: 61.565 Thread 0x0000015345e65730 DEOPT UNPACKING pc=0x000001536ee93aa2 sp=0x00000050d88fd738 mode 2
Event: 61.566 Thread 0x0000015345e65730 Uncommon trap: trap_request=0xffffffd6 fr.pc=0x000001536ff19490 relative=0x0000000000007950
Event: 61.566 Thread 0x0000015345e65730 Uncommon trap: reason=array_check action=maybe_recompile pc=0x000001536ff19490 method=org.eclipse.jdt.internal.compiler.classfmt.ModuleInfo.readModuleAttribute(I)V @ 1029 c2
Event: 61.566 Thread 0x0000015345e65730 DEOPT PACKING pc=0x000001536ff19490 sp=0x00000050d88fd790
Event: 61.566 Thread 0x0000015345e65730 DEOPT UNPACKING pc=0x000001536ee93aa2 sp=0x00000050d88fd738 mode 2
Event: 61.572 Thread 0x0000015345e65730 Uncommon trap: trap_request=0xffffffd6 fr.pc=0x000001536ff19490 relative=0x0000000000007950
Event: 61.572 Thread 0x0000015345e65730 Uncommon trap: reason=array_check action=maybe_recompile pc=0x000001536ff19490 method=org.eclipse.jdt.internal.compiler.classfmt.ModuleInfo.readModuleAttribute(I)V @ 1029 c2
Event: 61.572 Thread 0x0000015345e65730 DEOPT PACKING pc=0x000001536ff19490 sp=0x00000050d88fd790
Event: 61.572 Thread 0x0000015345e65730 DEOPT UNPACKING pc=0x000001536ee93aa2 sp=0x00000050d88fd738 mode 2
Event: 61.964 Thread 0x0000015345e65730 DEOPT PACKING pc=0x00000153687548c8 sp=0x00000050d88fe250
Event: 61.964 Thread 0x0000015345e65730 DEOPT UNPACKING pc=0x000001536ee94242 sp=0x00000050d88fd758 mode 3

Classes loaded (20 events):
Event: 21.839 Loading class java/util/concurrent/CompletableFuture$Signaller
Event: 21.839 Loading class java/util/concurrent/CompletableFuture$Signaller done
Event: 22.155 Loading class java/nio/charset/CharacterCodingException
Event: 22.155 Loading class java/nio/charset/CharacterCodingException done
Event: 22.155 Loading class java/io/SequenceInputStream
Event: 22.155 Loading class java/io/SequenceInputStream done
Event: 22.327 Loading class java/util/Hashtable$KeySet
Event: 22.327 Loading class java/util/Hashtable$KeySet done
Event: 26.434 Loading class java/util/HashMap$EntrySpliterator
Event: 26.438 Loading class java/util/HashMap$EntrySpliterator done
Event: 31.421 Loading class sun/nio/cs/ISO_8859_1$Encoder
Event: 31.421 Loading class sun/nio/cs/ISO_8859_1$Encoder done
Event: 31.421 Loading class sun/nio/cs/Surrogate$Parser
Event: 31.421 Loading class sun/nio/cs/Surrogate$Parser done
Event: 31.421 Loading class sun/nio/cs/Surrogate
Event: 31.421 Loading class sun/nio/cs/Surrogate done
Event: 59.414 Loading class java/util/concurrent/CompletableFuture$UniApply
Event: 59.415 Loading class java/util/concurrent/CompletableFuture$UniApply done
Event: 59.416 Loading class java/util/concurrent/CompletableFuture$UniExceptionally
Event: 59.416 Loading class java/util/concurrent/CompletableFuture$UniExceptionally done

Classes unloaded (7 events):
Event: 3.668 Thread 0x00000153647bead0 Unloading class 0x00000153011a9c00 'java/lang/invoke/LambdaForm$MH+0x00000153011a9c00'
Event: 3.668 Thread 0x00000153647bead0 Unloading class 0x00000153011a9800 'java/lang/invoke/LambdaForm$MH+0x00000153011a9800'
Event: 3.668 Thread 0x00000153647bead0 Unloading class 0x00000153011a9400 'java/lang/invoke/LambdaForm$MH+0x00000153011a9400'
Event: 3.668 Thread 0x00000153647bead0 Unloading class 0x00000153011a9000 'java/lang/invoke/LambdaForm$MH+0x00000153011a9000'
Event: 3.668 Thread 0x00000153647bead0 Unloading class 0x00000153011a8c00 'java/lang/invoke/LambdaForm$BMH+0x00000153011a8c00'
Event: 3.668 Thread 0x00000153647bead0 Unloading class 0x00000153011a8800 'java/lang/invoke/LambdaForm$DMH+0x00000153011a8800'
Event: 3.668 Thread 0x00000153647bead0 Unloading class 0x00000153011a3800 'java/lang/invoke/LambdaForm$DMH+0x00000153011a3800'

Classes redefined (0 events):
No events

Internal exceptions (20 events):
Event: 50.695 Thread 0x000001537d9e6b80 Exception <a 'sun/nio/fs/WindowsException'{0x00000000d57c5fc8}> (0x00000000d57c5fc8) 
thrown [s\src\hotspot\share\prims\jni.cpp, line 520]
Event: 50.721 Thread 0x000001537d9e6b80 Exception <a 'sun/nio/fs/WindowsException'{0x00000000d5827550}> (0x00000000d5827550) 
thrown [s\src\hotspot\share\prims\jni.cpp, line 520]
Event: 50.764 Thread 0x000001537d9e6b80 Exception <a 'sun/nio/fs/WindowsException'{0x00000000d5952c38}> (0x00000000d5952c38) 
thrown [s\src\hotspot\share\prims\jni.cpp, line 520]
Event: 50.798 Thread 0x000001537d9e6b80 Exception <a 'sun/nio/fs/WindowsException'{0x00000000d59f6f20}> (0x00000000d59f6f20) 
thrown [s\src\hotspot\share\prims\jni.cpp, line 520]
Event: 51.098 Thread 0x000001537d9e6b80 Exception <a 'sun/nio/fs/WindowsException'{0x00000000d57534e0}> (0x00000000d57534e0) 
thrown [s\src\hotspot\share\prims\jni.cpp, line 520]
Event: 51.115 Thread 0x000001537d9e6b80 Exception <a 'sun/nio/fs/WindowsException'{0x00000000d5829140}> (0x00000000d5829140) 
thrown [s\src\hotspot\share\prims\jni.cpp, line 520]
Event: 52.245 Thread 0x000001537d9e6b80 Exception <a 'sun/nio/fs/WindowsException'{0x00000000d59494d8}> (0x00000000d59494d8) 
thrown [s\src\hotspot\share\prims\jni.cpp, line 520]
Event: 52.293 Thread 0x000001537d9e6b80 Exception <a 'sun/nio/fs/WindowsException'{0x00000000d5acc388}> (0x00000000d5acc388) 
thrown [s\src\hotspot\share\prims\jni.cpp, line 520]
Event: 53.585 Thread 0x000001537d9e6b80 Exception <a 'sun/nio/fs/WindowsException'{0x00000000d59da350}> (0x00000000d59da350) 
thrown [s\src\hotspot\share\prims\jni.cpp, line 520]
Event: 55.666 Thread 0x000001537d9e6b80 Exception <a 'sun/nio/fs/WindowsException'{0x00000000d56eb868}> (0x00000000d56eb868) 
thrown [s\src\hotspot\share\prims\jni.cpp, line 520]
Event: 55.674 Thread 0x000001537d9e6b80 Implicit null exception at 0x000001536f8633e2 to 0x000001536f865c34
Event: 55.684 Thread 0x000001537d9e6b80 Implicit null exception at 0x000001536fc6b3b4 to 0x000001536fc6c438
Event: 59.518 Thread 0x0000015345e65730 Exception <a 'sun/nio/fs/WindowsException'{0x00000000d56a1578}> (0x00000000d56a1578) 
thrown [s\src\hotspot\share\prims\jni.cpp, line 520]
Event: 59.519 Thread 0x0000015345e65730 Exception <a 'sun/nio/fs/WindowsException'{0x00000000d56a1e78}> (0x00000000d56a1e78) 
thrown [s\src\hotspot\share\prims\jni.cpp, line 520]
Event: 59.519 Thread 0x0000015345e65730 Exception <a 'sun/nio/fs/WindowsException'{0x00000000d56a2e10}> (0x00000000d56a2e10) 
thrown [s\src\hotspot\share\prims\jni.cpp, line 520]
Event: 59.519 Thread 0x0000015345e65730 Exception <a 'sun/nio/fs/WindowsException'{0x00000000d56a36f0}> (0x00000000d56a36f0) 
thrown [s\src\hotspot\share\prims\jni.cpp, line 520]
Event: 59.520 Thread 0x0000015345e65730 Exception <a 'sun/nio/fs/WindowsException'{0x00000000d56a50a8}> (0x00000000d56a50a8) 
thrown [s\src\hotspot\share\prims\jni.cpp, line 520]
Event: 59.520 Thread 0x0000015345e65730 Exception <a 'sun/nio/fs/WindowsException'{0x00000000d56a5bf0}> (0x00000000d56a5bf0) 
thrown [s\src\hotspot\share\prims\jni.cpp, line 520]
Event: 59.527 Thread 0x0000015345e65730 Exception <a 'sun/nio/fs/WindowsException'{0x00000000d56c86b0}> (0x00000000d56c86b0) 
thrown [s\src\hotspot\share\prims\jni.cpp, line 520]
Event: 59.528 Thread 0x0000015345e65730 Exception <a 'sun/nio/fs/WindowsException'{0x00000000d56c8f90}> (0x00000000d56c8f90) 
thrown [s\src\hotspot\share\prims\jni.cpp, line 520]

ZGC Phase Switch (0 events):
No events

VM Operations (20 events):
Event: 60.553 Executing VM operation: HandshakeAllThreads (HandshakeForDeflation)
Event: 60.553 Executing VM operation: HandshakeAllThreads (HandshakeForDeflation) done
Event: 60.554 Executing VM operation: RendezvousGCThreads
Event: 60.554 Executing VM operation: RendezvousGCThreads done
Event: 60.557 Executing VM operation: ParallelGCFailedAllocation (Allocation Failure)
Event: 61.560 Executing VM operation: ParallelGCFailedAllocation (Allocation Failure) done
Event: 61.595 Executing VM operation: ParallelGCFailedAllocation (Allocation Failure)
Event: 61.597 Executing VM operation: ParallelGCFailedAllocation (Allocation Failure) done
Event: 61.609 Executing VM operation: ParallelGCFailedAllocation (Allocation Failure)
Event: 61.610 Executing VM operation: ParallelGCFailedAllocation (Allocation Failure) done
Event: 61.641 Executing VM operation: ParallelGCFailedAllocation (Allocation Failure)
Event: 61.642 Executing VM operation: ParallelGCFailedAllocation (Allocation Failure) done
Event: 61.690 Executing VM operation: ParallelGCFailedAllocation (Allocation Failure)
Event: 61.692 Executing VM operation: ParallelGCFailedAllocation (Allocation Failure) done
Event: 61.908 Executing VM operation: ParallelGCFailedAllocation (Allocation Failure)
Event: 61.909 Executing VM operation: ParallelGCFailedAllocation (Allocation Failure) done
Event: 61.964 Executing VM operation: HandshakeAllThreads (Deoptimize)
Event: 61.964 Executing VM operation: HandshakeAllThreads (Deoptimize) done
Event: 62.963 Executing VM operation: Cleanup
Event: 62.963 Executing VM operation: Cleanup done

Memory protections (0 events):
No events

Nmethod flushes (20 events):
Event: 13.896 Thread 0x00000153647bead0 flushing osr nmethod 0x00000153681cf990
Event: 13.896 Thread 0x00000153647bead0 flushing osr nmethod 0x00000153681d1690
Event: 13.896 Thread 0x00000153647bead0 flushing osr nmethod 0x000001536820cb90
Event: 13.896 Thread 0x00000153647bead0 flushing  nmethod 0x0000015368222790
Event: 13.896 Thread 0x00000153647bead0 flushing  nmethod 0x0000015368226d90
Event: 13.896 Thread 0x00000153647bead0 flushing  nmethod 0x0000015368232510
Event: 13.896 Thread 0x00000153647bead0 flushing  nmethod 0x0000015368232b10
Event: 13.896 Thread 0x00000153647bead0 flushing  nmethod 0x0000015368239090
Event: 13.896 Thread 0x00000153647bead0 flushing  nmethod 0x0000015368239f90
Event: 13.896 Thread 0x00000153647bead0 flushing  nmethod 0x000001536826b810
Event: 13.896 Thread 0x00000153647bead0 flushing  nmethod 0x0000015368276910
Event: 13.896 Thread 0x00000153647bead0 flushing  nmethod 0x0000015368277d10
Event: 13.896 Thread 0x00000153647bead0 flushing  nmethod 0x0000015368278310
Event: 13.896 Thread 0x00000153647bead0 flushing  nmethod 0x0000015368279610
Event: 13.896 Thread 0x00000153647bead0 flushing  nmethod 0x0000015368281290
Event: 13.896 Thread 0x00000153647bead0 flushing  nmethod 0x000001536828b310
Event: 13.896 Thread 0x00000153647bead0 flushing  nmethod 0x00000153682bd710
Event: 13.896 Thread 0x00000153647bead0 flushing  nmethod 0x00000153682dc390
Event: 13.896 Thread 0x00000153647bead0 flushing  nmethod 0x00000153682f2390
Event: 13.896 Thread 0x00000153647bead0 flushing  nmethod 0x00000153682fb090

Events (20 events):
Event: 27.418 Thread 0x0000015345e61590 Thread exited: 0x0000015345e61590
Event: 27.781 Thread 0x000001534ebfc210 Thread exited: 0x000001534ebfc210
Event: 27.782 Thread 0x000001537dd4f6d0 Thread exited: 0x000001537dd4f6d0
Event: 29.026 Thread 0x00000153646b41c0 Thread added: 0x000001534583eda0
Event: 30.170 Thread 0x000001534583eda0 Thread exited: 0x000001534583eda0
Event: 31.346 Thread 0x00000153646b41c0 Thread added: 0x000001534583d930
Event: 31.364 Thread 0x000001534583d930 Thread added: 0x000001534583d260
Event: 31.674 Thread 0x000001534583d260 Thread exited: 0x000001534583d260
Event: 31.845 Thread 0x000001534583d930 Thread exited: 0x000001534583d930
Event: 33.542 Thread 0x00000153646b1100 Thread added: 0x000001534583d260
Event: 33.777 Thread 0x000001534583d260 Thread exited: 0x000001534583d260
Event: 56.702 Thread 0x00000153646b41c0 Thread added: 0x000001534583d260
Event: 57.806 Thread 0x00000153646b41c0 Thread added: 0x000001534583d930
Event: 59.413 Thread 0x0000015345e63660 Thread added: 0x0000015345e64a10
Event: 59.413 Thread 0x000001537fa0ded0 Thread added: 0x0000015345e61590
Event: 59.414 Thread 0x0000015345e61590 Thread added: 0x0000015345e66450
Event: 59.415 Thread 0x0000015345e66450 Thread added: 0x0000015345e650a0
Event: 59.415 Thread 0x0000015345e64a10 Thread added: 0x0000015345e67800
Event: 59.416 Thread 0x000001537fa10630 Thread added: 0x0000015345e65730
Event: 61.914 Thread 0x000001534583d930 Thread exited: 0x000001534583d930


Dynamic libraries:
0x00007ff6efa20000 - 0x00007ff6efa2e000 	c:\Users\user\.vscode\extensions\redhat.java-1.44.0-win32-x64\jre\21.0.8-win32-x86_64\bin\java.exe
0x00007ffd7ed80000 - 0x00007ffd7efe7000 	C:\WINDOWS\SYSTEM32\ntdll.dll
0x00007ffd7d770000 - 0x00007ffd7d839000 	C:\WINDOWS\System32\KERNEL32.DLL
0x00007ffd7c230000 - 0x00007ffd7c620000 	C:\WINDOWS\System32\KERNELBASE.dll
0x00007ffd7c7b0000 - 0x00007ffd7c8fb000 	C:\WINDOWS\System32\ucrtbase.dll
0x00007ffd76900000 - 0x00007ffd7691e000 	c:\Users\user\.vscode\extensions\redhat.java-1.44.0-win32-x64\jre\21.0.8-win32-x86_64\bin\VCRUNTIME140.dll
0x00007ffd76a80000 - 0x00007ffd76a98000 	c:\Users\user\.vscode\extensions\redhat.java-1.44.0-win32-x64\jre\21.0.8-win32-x86_64\bin\jli.dll
0x00007ffd7d3b0000 - 0x00007ffd7d575000 	C:\WINDOWS\System32\USER32.dll
0x00007ffd7beb0000 - 0x00007ffd7bed7000 	C:\WINDOWS\System32\win32u.dll
0x00007ffd60e40000 - 0x00007ffd610da000 	C:\WINDOWS\WinSxS\amd64_microsoft.windows.common-controls_6595b64144ccf1df_6.0.26100.4768_none_3e0c112ce331287c\COMCTL32.dll
0x00007ffd7d300000 - 0x00007ffd7d3a9000 	C:\WINDOWS\System32\msvcrt.dll
0x00007ffd7d640000 - 0x00007ffd7d66b000 	C:\WINDOWS\System32\GDI32.dll
0x00007ffd7bee0000 - 0x00007ffd7c018000 	C:\WINDOWS\System32\gdi32full.dll
0x00007ffd7c900000 - 0x00007ffd7c9a3000 	C:\WINDOWS\System32\msvcp_win.dll
0x00007ffd7cc40000 - 0x00007ffd7cc6f000 	C:\WINDOWS\System32\IMM32.DLL
0x00007ffd768a0000 - 0x00007ffd768ac000 	c:\Users\user\.vscode\extensions\redhat.java-1.44.0-win32-x64\jre\21.0.8-win32-x86_64\bin\vcruntime140_1.dll
0x00007ffd20c90000 - 0x00007ffd20d1d000 	c:\Users\user\.vscode\extensions\redhat.java-1.44.0-win32-x64\jre\21.0.8-win32-x86_64\bin\msvcp140.dll
0x00007ffd03d60000 - 0x00007ffd04af7000 	c:\Users\user\.vscode\extensions\redhat.java-1.44.0-win32-x64\jre\21.0.8-win32-x86_64\bin\server\jvm.dll
0x00007ffd7d580000 - 0x00007ffd7d634000 	C:\WINDOWS\System32\ADVAPI32.dll
0x00007ffd7d940000 - 0x00007ffd7d9e6000 	C:\WINDOWS\System32\sechost.dll
0x00007ffd7cb20000 - 0x00007ffd7cc38000 	C:\WINDOWS\System32\RPCRT4.dll
0x00007ffd7cd40000 - 0x00007ffd7cdb4000 	C:\WINDOWS\System32\WS2_32.dll
0x00007ffd7bd10000 - 0x00007ffd7bd6e000 	C:\WINDOWS\SYSTEM32\POWRPROF.dll
0x00007ffd688c0000 - 0x00007ffd688f5000 	C:\WINDOWS\SYSTEM32\WINMM.dll
0x00007ffd6bc10000 - 0x00007ffd6bc1b000 	C:\WINDOWS\SYSTEM32\VERSION.dll
0x00007ffd7bcf0000 - 0x00007ffd7bd04000 	C:\WINDOWS\SYSTEM32\UMPDC.dll
0x00007ffd7abc0000 - 0x00007ffd7abdb000 	C:\WINDOWS\SYSTEM32\kernel.appcore.dll
0x00007ffd75f90000 - 0x00007ffd75f9a000 	c:\Users\user\.vscode\extensions\redhat.java-1.44.0-win32-x64\jre\21.0.8-win32-x86_64\bin\jimage.dll
0x00007ffd79550000 - 0x00007ffd79791000 	C:\WINDOWS\SYSTEM32\DBGHELP.DLL
0x00007ffd7cdc0000 - 0x00007ffd7d145000 	C:\WINDOWS\System32\combase.dll
0x00007ffd7dde0000 - 0x00007ffd7dec0000 	C:\WINDOWS\System32\OLEAUT32.dll
0x00007ffd6b380000 - 0x00007ffd6b3c3000 	C:\WINDOWS\SYSTEM32\dbgcore.DLL
0x00007ffd7c9b0000 - 0x00007ffd7ca49000 	C:\WINDOWS\System32\bcryptPrimitives.dll
0x00007ffd75e80000 - 0x00007ffd75e8f000 	c:\Users\user\.vscode\extensions\redhat.java-1.44.0-win32-x64\jre\21.0.8-win32-x86_64\bin\instrument.dll
0x00007ffd75e60000 - 0x00007ffd75e7f000 	c:\Users\user\.vscode\extensions\redhat.java-1.44.0-win32-x64\jre\21.0.8-win32-x86_64\bin\java.dll
0x00007ffd7ded0000 - 0x00007ffd7e61d000 	C:\WINDOWS\System32\SHELL32.dll
0x00007ffd7c020000 - 0x00007ffd7c193000 	C:\WINDOWS\System32\wintypes.dll
0x00007ffd79a40000 - 0x00007ffd7a2a0000 	C:\WINDOWS\SYSTEM32\windows.storage.dll
0x00007ffd7d670000 - 0x00007ffd7d765000 	C:\WINDOWS\System32\SHCORE.dll
0x00007ffd7e840000 - 0x00007ffd7e8aa000 	C:\WINDOWS\System32\shlwapi.dll
0x00007ffd7bdd0000 - 0x00007ffd7bdf9000 	C:\WINDOWS\SYSTEM32\profapi.dll
0x00007ffd752f0000 - 0x00007ffd75308000 	c:\Users\user\.vscode\extensions\redhat.java-1.44.0-win32-x64\jre\21.0.8-win32-x86_64\bin\zip.dll
0x00007ffd75cf0000 - 0x00007ffd75d00000 	C:\Users\user\.vscode\extensions\redhat.java-1.44.0-win32-x64\jre\21.0.8-win32-x86_64\bin\net.dll
0x00007ffd72590000 - 0x00007ffd726ae000 	C:\WINDOWS\SYSTEM32\WINHTTP.dll
0x00007ffd7b130000 - 0x00007ffd7b19b000 	C:\WINDOWS\system32\mswsock.dll
0x00007ffd6e8b0000 - 0x00007ffd6e8c6000 	C:\Users\user\.vscode\extensions\redhat.java-1.44.0-win32-x64\jre\21.0.8-win32-x86_64\bin\nio.dll
0x00007ffd75d20000 - 0x00007ffd75d30000 	c:\Users\user\.vscode\extensions\redhat.java-1.44.0-win32-x64\jre\21.0.8-win32-x86_64\bin\verify.dll
0x00007ffd6ec80000 - 0x00007ffd6ecc5000 	C:\Users\user\AppData\Roaming\Code\User\globalStorage\redhat.java\1.44.0\config_win\org.eclipse.equinox.launcher\org.eclipse.equinox.launcher.win32.win32.x86_64_1.2.1400.v20250730-1736\eclipse_11913.dll
0x00007ffd7d150000 - 0x00007ffd7d2f0000 	C:\WINDOWS\System32\ole32.dll
0x00007ffd7b510000 - 0x00007ffd7b52b000 	C:\WINDOWS\SYSTEM32\CRYPTSP.dll
0x00007ffd7ab20000 - 0x00007ffd7ab5b000 	C:\WINDOWS\system32\rsaenh.dll
0x00007ffd7b1d0000 - 0x00007ffd7b1fb000 	C:\WINDOWS\SYSTEM32\USERENV.dll
0x00007ffd7bda0000 - 0x00007ffd7bdc6000 	C:\WINDOWS\SYSTEM32\bcrypt.dll
0x00007ffd7b370000 - 0x00007ffd7b37c000 	C:\WINDOWS\SYSTEM32\CRYPTBASE.dll
0x00007ffd7a600000 - 0x00007ffd7a633000 	C:\WINDOWS\SYSTEM32\IPHLPAPI.DLL
0x00007ffd7cc80000 - 0x00007ffd7cc8a000 	C:\WINDOWS\System32\NSI.dll
0x00007ffd65b10000 - 0x00007ffd65b59000 	C:\Users\user\AppData\Local\Temp\jna-3599307\jna13586120269865082183.dll
0x00007ffd7cb10000 - 0x00007ffd7cb18000 	C:\WINDOWS\System32\PSAPI.DLL
0x00007ffd72560000 - 0x00007ffd7257f000 	C:\WINDOWS\SYSTEM32\dhcpcsvc6.DLL
0x00007ffd72530000 - 0x00007ffd72555000 	C:\WINDOWS\SYSTEM32\dhcpcsvc.DLL

JVMTI agents:
c:\Users\user\.vscode\extensions\redhat.java-1.44.0-win32-x64\lombok\lombok-1.18.39-4050.jar path:c:\Users\user\.vscode\extensions\redhat.java-1.44.0-win32-x64\jre\21.0.8-win32-x86_64\bin\instrument.dll, loaded, initialized, instrumentlib options:none

dbghelp: loaded successfully - version: 4.0.5 - missing functions: none
symbol engine: initialized successfully - sym options: 0x614 - pdb path: .;c:\Users\user\.vscode\extensions\redhat.java-1.44.0-win32-x64\jre\21.0.8-win32-x86_64\bin;C:\WINDOWS\SYSTEM32;C:\WINDOWS\WinSxS\amd64_microsoft.windows.common-controls_6595b64144ccf1df_6.0.26100.4768_none_3e0c112ce331287c;c:\Users\user\.vscode\extensions\redhat.java-1.44.0-win32-x64\jre\21.0.8-win32-x86_64\bin\server;C:\Users\user\AppData\Roaming\Code\User\globalStorage\redhat.java\1.44.0\config_win\org.eclipse.equinox.launcher\org.eclipse.equinox.launcher.win32.win32.x86_64_1.2.1400.v20250730-1736;C:\Users\user\AppData\Local\Temp\jna-3599307

VM Arguments:
jvm_args: --add-modules=ALL-SYSTEM --add-opens=java.base/java.util=ALL-UNNAMED --add-opens=java.base/java.lang=ALL-UNNAMED --add-opens=java.base/sun.nio.fs=ALL-UNNAMED -Declipse.application=org.eclipse.jdt.ls.core.id1 -Dosgi.bundles.defaultStartLevel=4 -Declipse.product=org.eclipse.jdt.ls.core.product -Djava.import.generatesMetadataFilesAtProjectRoot=false -DDetectVMInstallationsJob.disabled=true -Dfile.encoding=utf8 -XX:+UseParallelGC -XX:GCTimeRatio=4 -XX:AdaptiveSizePolicyWeight=90 -Dsun.zip.disableMemoryMapping=true -Xmx2G -Xms100m -Xlog:disable -javaagent:c:\Users\user\.vscode\extensions\redhat.java-1.44.0-win32-x64\lombok\lombok-1.18.39-4050.jar -XX:+HeapDumpOnOutOfMemoryError -XX:HeapDumpPath=c:\Users\user\AppData\Roaming\Code\User\workspaceStorage\3d099b14eb374fbb8d3f81b8c8a14d44\redhat.java -Daether.dependencyCollector.impl=bf 
java_command: c:\Users\user\.vscode\extensions\redhat.java-1.44.0-win32-x64\server\plugins\org.eclipse.equinox.launcher_1.7.0.v20250519-0528.jar -configuration c:\Users\user\AppData\Roaming\Code\User\globalStorage\redhat.java\1.44.0\config_win -data c:\Users\user\AppData\Roaming\Code\User\workspaceStorage\3d099b14eb374fbb8d3f81b8c8a14d44\redhat.java\jdt_ws --pipe=\\.\pipe\lsp-a95fe8d99ec688ba760fc0a607597b61-sock
java_class_path (initial): c:\Users\user\.vscode\extensions\redhat.java-1.44.0-win32-x64\server\plugins\org.eclipse.equinox.launcher_1.7.0.v20250519-0528.jar
Launcher Type: SUN_STANDARD

[Global flags]
    uintx AdaptiveSizePolicyWeight                 = 90                                        {product} {command line}
     intx CICompilerCount                          = 4                                         {product} {ergonomic}
    uintx GCTimeRatio                              = 4                                         {product} {command line}
     bool HeapDumpOnOutOfMemoryError               = true                                   {manageable} {command line}
    ccstr HeapDumpPath                             = c:\Users\user\AppData\Roaming\Code\User\workspaceStorage\3d099b14eb374fbb8d3f81b8c8a14d44\redhat.java         {manageable} {command line}
   size_t InitialHeapSize                          = 104857600                                 {product} {command line}
   size_t MaxHeapSize                              = 2147483648                                {product} {command line}
   size_t MaxNewSize                               = 715653120                                 {product} {ergonomic}
   size_t MinHeapDeltaBytes                        = 524288                                    {product} {ergonomic}
   size_t MinHeapSize                              = 104857600                                 {product} {command line}
   size_t NewSize                                  = 34603008                                  {product} {ergonomic}
    uintx NonNMethodCodeHeapSize                   = 5839372                                {pd product} {ergonomic}
    uintx NonProfiledCodeHeapSize                  = 122909434                              {pd product} {ergonomic}
   size_t OldSize                                  = 70254592                                  {product} {ergonomic}
    uintx ProfiledCodeHeapSize                     = 122909434                              {pd product} {ergonomic}
    uintx ReservedCodeCacheSize                    = 251658240                              {pd product} {ergonomic}
     bool SegmentedCodeCache                       = true                                      {product} {ergonomic}
   size_t SoftMaxHeapSize                          = 2147483648                             {manageable} {ergonomic}
     bool UseCompressedOops                        = true                           {product lp64_product} {ergonomic}
     bool UseLargePagesIndividualAllocation        = false                                  {pd product} {ergonomic}
     bool UseParallelGC                            = true                                      {product} {command line}

Logging:
Log output configuration:
 #0: stdout all=off uptime,level,tags foldmultilines=false
 #1: stderr all=off uptime,level,tags foldmultilines=false

Environment Variables:
JAVA_HOME=C:\Program Files\Java\jdk-21
PATH=C:\Program Files\Java\jdk-21\bin;C:\Program Files\Common Files\Oracle\Java\javapath;C:\Program Files (x86)\Common Files\Oracle\Java\java8path;C:\Program Files (x86)\Common Files\Oracle\Java\javapath;C:\WINDOWS\system32;C:\WINDOWS;C:\WINDOWS\System32\Wbem;C:\WINDOWS\System32\WindowsPowerShell\v1.0\;C:\WINDOWS\System32\OpenSSH\;C:\Program Files\Microsoft SQL Server\Client SDK\ODBC\110\Tools\Binn\;C:\Program Files (x86)\Microsoft SQL Server\120\Tools\Binn\;C:\Program Files\Microsoft SQL Server\120\Tools\Binn\;C:\Program Files\Microsoft SQL Server\120\DTS\Binn\;C:\ProgramData\chocolatey\bin;D:\Git\cmd;C:\Program Files\Java\jdk-20\bin;C:\Program Files\Docker\Docker\resources\bin;C:\Program Files\Microsoft SQL Server\Client SDK\ODBC\170\Tools\Binn\;C:\Program Files\Microsoft SQL Server\150\Tools\Binn\;C:\sqlite3;C:\Program Files (x86)\Microsoft SQL Server\160\Tools\Binn\;C:\Program Files\Microsoft SQL Server\160\Tools\Binn\;C:\Program Files\Microsoft SQL Server\160\DTS\Binn\;C:\Program Files\dotnet\;C:\Python311;C:\ProgramData\ComposerSetup\bin;D:\nodejs\;C:\Program Files\Amazon\AWSCLIV2\;C:\WINDOWS\system32;C:\WINDOWS;C:\WINDOWS\System32\Wbem;C:\WINDOWS\System32\WindowsPowerShell\v1.0\;C:\WINDOWS\System32\OpenSSH\;C:\Program Files\Maven\apache-maven-3.9.10\bin;C:\Users\user\AppData\Local\Programs\Python\Python313\Scripts\;C:\Users\user\AppData\Local\Programs\Python\Python313\;C:\Users\user\AppData\Local\Programs\Python\Launcher\;C:\Users\user\AppData\Local\Microsoft\WindowsApps;C:\Users\user\.dotnet\tools;D:\XAMPP\php;C:\Users\user\AppData\Roaming\Composer\vendor\bin;C:\Users\user\Scripts;C:\Users\user\AppData\Roaming\npm;C:\Users\user\AppData\Local\Programs\Microsoft VS Code\bin
USERNAME=user
OS=Windows_NT
PROCESSOR_IDENTIFIER=Intel64 Family 6 Model 142 Stepping 12, GenuineIntel
TMP=C:\Users\user\AppData\Local\Temp
TEMP=C:\Users\user\AppData\Local\Temp




Periodic native trim disabled

---------------  S Y S T E M  ---------------

OS:
 Windows 11 , 64 bit Build 26100 (10.0.26100.4768)
OS uptime: 3 days 0:46 hours
Hyper-V role detected

CPU: total 8 (initial active 8) (4 cores per cpu, 2 threads per core) family 6 model 142 stepping 12 microcode 0xf4, cx8, cmov, fxsr, ht, mmx, 3dnowpref, sse, sse2, sse3, ssse3, sse4.1, sse4.2, popcnt, lzcnt, tsc, tscinvbit, avx, avx2, aes, erms, clmul, bmi1, bmi2, adx, fma, vzeroupper, clflush, clflushopt, hv, rdtscp, f16c
Processor Information for the first 8 processors :
  Max Mhz: 2112, Current Mhz: 1609, Mhz Limit: 1605

Memory: 4k page, system-wide physical 8025M (531M free)
TotalPageFile size 12121M (AvailPageFile size 13M)
current process WorkingSet (physical memory assigned to process): 1184M, peak: 1199M
current process commit charge ("private bytes"): 1130M, peak: 1143M

vm_info: OpenJDK 64-Bit Server VM (21.0.8+9-LTS) for windows-amd64 JRE (21.0.8+9-LTS), built on 2025-07-15T00:00:00Z by "admin" with MS VC++ 17.7 (VS2022)

END.
